{"C:\\Users\\Matthew\\Documents\\nodesites\\authentication-api\\lib\\server.js":{"path":"C:\\Users\\Matthew\\Documents\\nodesites\\authentication-api\\lib\\server.js","statementMap":{"0":{"start":{"line":3,"column":15},"end":{"line":3,"column":33}},"1":{"start":{"line":5,"column":16},"end":{"line":5,"column":48}},"2":{"start":{"line":7,"column":18},"end":{"line":7,"column":40}},"3":{"start":{"line":9,"column":19},"end":{"line":9,"column":54}},"4":{"start":{"line":11,"column":14},"end":{"line":11,"column":31}},"5":{"start":{"line":13,"column":15},"end":{"line":13,"column":46}},"6":{"start":{"line":15,"column":16},"end":{"line":15,"column":35}},"7":{"start":{"line":17,"column":17},"end":{"line":17,"column":50}},"8":{"start":{"line":19,"column":17},"end":{"line":19,"column":39}},"9":{"start":{"line":21,"column":18},"end":{"line":21,"column":52}},"10":{"start":{"line":23,"column":14},"end":{"line":23,"column":33}},"11":{"start":{"line":25,"column":15},"end":{"line":25,"column":46}},"12":{"start":{"line":27,"column":12},"end":{"line":27,"column":27}},"13":{"start":{"line":29,"column":13},"end":{"line":29,"column":42}},"14":{"start":{"line":31,"column":24},"end":{"line":31,"column":86}},"15":{"start":{"line":33,"column":39},"end":{"line":33,"column":93}},"16":{"start":{"line":35,"column":11},"end":{"line":35,"column":35}},"17":{"start":{"line":37,"column":25},"end":{"line":37,"column":27}},"18":{"start":{"line":39,"column":0},"end":{"line":43,"column":1}},"19":{"start":{"line":40,"column":1},"end":{"line":40,"column":53}},"20":{"start":{"line":42,"column":1},"end":{"line":42,"column":54}},"21":{"start":{"line":45,"column":0},"end":{"line":49,"column":1}},"22":{"start":{"line":46,"column":15},"end":{"line":48,"column":3}},"23":{"start":{"line":51,"column":10},"end":{"line":51,"column":34}},"24":{"start":{"line":52,"column":13},"end":{"line":52,"column":39}},"25":{"start":{"line":54,"column":0},"end":{"line":54,"column":62}},"26":{"start":{"line":55,"column":0},"end":{"line":55,"column":37}},"27":{"start":{"line":56,"column":0},"end":{"line":56,"column":48}},"28":{"start":{"line":57,"column":0},"end":{"line":57,"column":38}},"29":{"start":{"line":58,"column":0},"end":{"line":58,"column":31}},"30":{"start":{"line":59,"column":0},"end":{"line":59,"column":24}},"31":{"start":{"line":61,"column":0},"end":{"line":61,"column":33}},"32":{"start":{"line":63,"column":0},"end":{"line":63,"column":18}},"33":{"start":{"line":65,"column":0},"end":{"line":67,"column":1}},"34":{"start":{"line":66,"column":1},"end":{"line":66,"column":18}},"35":{"start":{"line":69,"column":0},"end":{"line":69,"column":21}}},"fnMap":{"0":{"name":"_interopRequireDefault","decl":{"start":{"line":33,"column":9},"end":{"line":33,"column":31}},"loc":{"start":{"line":33,"column":37},"end":{"line":33,"column":95}},"line":33}},"branchMap":{"0":{"loc":{"start":{"line":33,"column":46},"end":{"line":33,"column":92}},"type":"cond-expr","locations":[{"start":{"line":33,"column":70},"end":{"line":33,"column":73}},{"start":{"line":33,"column":76},"end":{"line":33,"column":92}}],"line":33},"1":{"loc":{"start":{"line":33,"column":46},"end":{"line":33,"column":67}},"type":"binary-expr","locations":[{"start":{"line":33,"column":46},"end":{"line":33,"column":49}},{"start":{"line":33,"column":53},"end":{"line":33,"column":67}}],"line":33},"2":{"loc":{"start":{"line":35,"column":11},"end":{"line":35,"column":35}},"type":"binary-expr","locations":[{"start":{"line":35,"column":11},"end":{"line":35,"column":27}},{"start":{"line":35,"column":31},"end":{"line":35,"column":35}}],"line":35},"3":{"loc":{"start":{"line":39,"column":0},"end":{"line":43,"column":1}},"type":"if","locations":[{"start":{"line":39,"column":0},"end":{"line":43,"column":1}},{"start":{"line":39,"column":0},"end":{"line":43,"column":1}}],"line":39},"4":{"loc":{"start":{"line":45,"column":0},"end":{"line":49,"column":1}},"type":"if","locations":[{"start":{"line":45,"column":0},"end":{"line":49,"column":1}},{"start":{"line":45,"column":0},"end":{"line":49,"column":1}}],"line":45},"5":{"loc":{"start":{"line":65,"column":0},"end":{"line":67,"column":1}},"type":"if","locations":[{"start":{"line":65,"column":0},"end":{"line":67,"column":1}},{"start":{"line":65,"column":0},"end":{"line":67,"column":1}}],"line":65}},"s":{"0":1,"1":1,"2":1,"3":1,"4":1,"5":1,"6":1,"7":1,"8":1,"9":1,"10":1,"11":1,"12":1,"13":1,"14":1,"15":7,"16":1,"17":1,"18":1,"19":0,"20":1,"21":1,"22":1,"23":1,"24":1,"25":1,"26":1,"27":1,"28":1,"29":1,"30":1,"31":1,"32":1,"33":1,"34":0,"35":1},"f":{"0":7},"b":{"0":[0,7],"1":[7,7],"2":[1,1],"3":[0,1],"4":[1,0],"5":[0,1]},"_coverageSchema":"332fd63041d2c1bcb487cc26dd0d5f7d97098a6c","hash":"73276315bac07e168710b17b585cedf1577fe9cb","contentHash":"ec8a6058bebd09e5b2d1cb03b9100eb0_10.3.2"},"C:\\Users\\Matthew\\Documents\\nodesites\\authentication-api\\lib\\addRoutes.js":{"path":"C:\\Users\\Matthew\\Documents\\nodesites\\authentication-api\\lib\\addRoutes.js","statementMap":{"0":{"start":{"line":3,"column":13},"end":{"line":3,"column":38}},"1":{"start":{"line":5,"column":14},"end":{"line":5,"column":44}},"2":{"start":{"line":7,"column":17},"end":{"line":7,"column":46}},"3":{"start":{"line":9,"column":18},"end":{"line":9,"column":52}},"4":{"start":{"line":11,"column":16},"end":{"line":11,"column":44}},"5":{"start":{"line":13,"column":17},"end":{"line":13,"column":50}},"6":{"start":{"line":15,"column":18},"end":{"line":15,"column":48}},"7":{"start":{"line":17,"column":19},"end":{"line":17,"column":54}},"8":{"start":{"line":19,"column":25},"end":{"line":19,"column":62}},"9":{"start":{"line":21,"column":26},"end":{"line":21,"column":68}},"10":{"start":{"line":23,"column":40},"end":{"line":23,"column":112}},"11":{"start":{"line":25,"column":52},"end":{"line":25,"column":136}},"12":{"start":{"line":27,"column":46},"end":{"line":27,"column":124}},"13":{"start":{"line":29,"column":29},"end":{"line":29,"column":90}},"14":{"start":{"line":31,"column":18},"end":{"line":31,"column":51}},"15":{"start":{"line":33,"column":20},"end":{"line":33,"column":56}},"16":{"start":{"line":35,"column":40},"end":{"line":35,"column":267}},"17":{"start":{"line":35,"column":69},"end":{"line":35,"column":80}},"18":{"start":{"line":35,"column":103},"end":{"line":35,"column":105}},"19":{"start":{"line":35,"column":107},"end":{"line":35,"column":228}},"20":{"start":{"line":35,"column":126},"end":{"line":35,"column":226}},"21":{"start":{"line":35,"column":149},"end":{"line":35,"column":224}},"22":{"start":{"line":35,"column":201},"end":{"line":35,"column":224}},"23":{"start":{"line":35,"column":229},"end":{"line":35,"column":250}},"24":{"start":{"line":35,"column":251},"end":{"line":35,"column":265}},"25":{"start":{"line":37,"column":39},"end":{"line":37,"column":93}},"26":{"start":{"line":40,"column":1},"end":{"line":40,"column":76}},"27":{"start":{"line":41,"column":1},"end":{"line":41,"column":142}},"28":{"start":{"line":42,"column":1},"end":{"line":42,"column":112}},"29":{"start":{"line":43,"column":1},"end":{"line":43,"column":120}},"30":{"start":{"line":44,"column":1},"end":{"line":44,"column":149}},"31":{"start":{"line":45,"column":1},"end":{"line":45,"column":105}},"32":{"start":{"line":46,"column":1},"end":{"line":46,"column":130}},"33":{"start":{"line":49,"column":0},"end":{"line":49,"column":27}}},"fnMap":{"0":{"name":"_interopRequireWildcard","decl":{"start":{"line":35,"column":9},"end":{"line":35,"column":32}},"loc":{"start":{"line":35,"column":38},"end":{"line":35,"column":269}},"line":35},"1":{"name":"_interopRequireDefault","decl":{"start":{"line":37,"column":9},"end":{"line":37,"column":31}},"loc":{"start":{"line":37,"column":37},"end":{"line":37,"column":95}},"line":37},"2":{"name":"addRoutes","decl":{"start":{"line":39,"column":9},"end":{"line":39,"column":18}},"loc":{"start":{"line":39,"column":27},"end":{"line":47,"column":1}},"line":39}},"branchMap":{"0":{"loc":{"start":{"line":35,"column":40},"end":{"line":35,"column":267}},"type":"if","locations":[{"start":{"line":35,"column":40},"end":{"line":35,"column":267}},{"start":{"line":35,"column":40},"end":{"line":35,"column":267}}],"line":35},"1":{"loc":{"start":{"line":35,"column":44},"end":{"line":35,"column":65}},"type":"binary-expr","locations":[{"start":{"line":35,"column":44},"end":{"line":35,"column":47}},{"start":{"line":35,"column":51},"end":{"line":35,"column":65}}],"line":35},"2":{"loc":{"start":{"line":35,"column":107},"end":{"line":35,"column":228}},"type":"if","locations":[{"start":{"line":35,"column":107},"end":{"line":35,"column":228}},{"start":{"line":35,"column":107},"end":{"line":35,"column":228}}],"line":35},"3":{"loc":{"start":{"line":35,"column":149},"end":{"line":35,"column":224}},"type":"if","locations":[{"start":{"line":35,"column":149},"end":{"line":35,"column":224}},{"start":{"line":35,"column":149},"end":{"line":35,"column":224}}],"line":35},"4":{"loc":{"start":{"line":37,"column":46},"end":{"line":37,"column":92}},"type":"cond-expr","locations":[{"start":{"line":37,"column":70},"end":{"line":37,"column":73}},{"start":{"line":37,"column":76},"end":{"line":37,"column":92}}],"line":37},"5":{"loc":{"start":{"line":37,"column":46},"end":{"line":37,"column":67}},"type":"binary-expr","locations":[{"start":{"line":37,"column":46},"end":{"line":37,"column":49}},{"start":{"line":37,"column":53},"end":{"line":37,"column":67}}],"line":37}},"s":{"0":1,"1":1,"2":1,"3":1,"4":1,"5":1,"6":1,"7":1,"8":1,"9":1,"10":1,"11":1,"12":1,"13":1,"14":1,"15":1,"16":1,"17":1,"18":0,"19":0,"20":0,"21":0,"22":0,"23":0,"24":0,"25":5,"26":1,"27":1,"28":1,"29":1,"30":1,"31":1,"32":1,"33":1},"f":{"0":1,"1":5,"2":1},"b":{"0":[1,0],"1":[1,1],"2":[0,0],"3":[0,0],"4":[0,5],"5":[5,5]},"_coverageSchema":"332fd63041d2c1bcb487cc26dd0d5f7d97098a6c","hash":"ef0ce5d3011d4a7cfa09f8a8872021586359e2e1","contentHash":"af7fc99cc6f4c087aa30da328653ae0b_10.3.2"},"C:\\Users\\Matthew\\Documents\\nodesites\\authentication-api\\lib\\routes\\index.js":{"path":"C:\\Users\\Matthew\\Documents\\nodesites\\authentication-api\\lib\\routes\\index.js","statementMap":{"0":{"start":{"line":3,"column":19},"end":{"line":3,"column":53}},"1":{"start":{"line":5,"column":0},"end":{"line":16,"column":2}},"2":{"start":{"line":7,"column":2},"end":{"line":14,"column":5}},"3":{"start":{"line":8,"column":3},"end":{"line":11,"column":6}},"4":{"start":{"line":13,"column":3},"end":{"line":13,"column":34}}},"fnMap":{"0":{"name":"getAllUsers","decl":{"start":{"line":6,"column":23},"end":{"line":6,"column":34}},"loc":{"start":{"line":6,"column":45},"end":{"line":15,"column":2}},"line":6},"1":{"name":"(anonymous_1)","decl":{"start":{"line":7,"column":42},"end":{"line":7,"column":43}},"loc":{"start":{"line":7,"column":65},"end":{"line":12,"column":3}},"line":7},"2":{"name":"(anonymous_2)","decl":{"start":{"line":12,"column":11},"end":{"line":12,"column":12}},"loc":{"start":{"line":12,"column":26},"end":{"line":14,"column":3}},"line":12}},"branchMap":{},"s":{"0":1,"1":1,"2":10,"3":7,"4":3},"f":{"0":10,"1":7,"2":3},"b":{},"_coverageSchema":"332fd63041d2c1bcb487cc26dd0d5f7d97098a6c","hash":"f9b785e7d3c03bde45a6338a53344cc31a5436b0","contentHash":"1895d6d22ac068852a0d325092ece950_10.3.2"},"C:\\Users\\Matthew\\Documents\\nodesites\\authentication-api\\lib\\services\\userService.js":{"path":"C:\\Users\\Matthew\\Documents\\nodesites\\authentication-api\\lib\\services\\userService.js","statementMap":{"0":{"start":{"line":3,"column":0},"end":{"line":5,"column":3}},"1":{"start":{"line":6,"column":0},"end":{"line":6,"column":40}},"2":{"start":{"line":7,"column":0},"end":{"line":7,"column":32}},"3":{"start":{"line":9,"column":18},"end":{"line":9,"column":50}},"4":{"start":{"line":11,"column":19},"end":{"line":11,"column":52}},"5":{"start":{"line":13,"column":32},"end":{"line":13,"column":78}},"6":{"start":{"line":16,"column":4},"end":{"line":25,"column":7}},"7":{"start":{"line":17,"column":8},"end":{"line":24,"column":11}},"8":{"start":{"line":18,"column":36},"end":{"line":20,"column":14}},"9":{"start":{"line":19,"column":16},"end":{"line":19,"column":75}},"10":{"start":{"line":21,"column":12},"end":{"line":21,"column":39}},"11":{"start":{"line":23,"column":12},"end":{"line":23,"column":31}},"12":{"start":{"line":29,"column":16},"end":{"line":29,"column":41}},"13":{"start":{"line":30,"column":4},"end":{"line":30,"column":23}},"14":{"start":{"line":32,"column":4},"end":{"line":47,"column":7}},"15":{"start":{"line":33,"column":33},"end":{"line":33,"column":132}},"16":{"start":{"line":34,"column":8},"end":{"line":46,"column":11}},"17":{"start":{"line":35,"column":12},"end":{"line":43,"column":13}},"18":{"start":{"line":36,"column":16},"end":{"line":40,"column":19}},"19":{"start":{"line":37,"column":20},"end":{"line":37,"column":79}},"20":{"start":{"line":39,"column":20},"end":{"line":39,"column":39}},"21":{"start":{"line":42,"column":16},"end":{"line":42,"column":30}},"22":{"start":{"line":45,"column":12},"end":{"line":45,"column":31}}},"fnMap":{"0":{"name":"getUserDetails","decl":{"start":{"line":15,"column":9},"end":{"line":15,"column":23}},"loc":{"start":{"line":15,"column":26},"end":{"line":26,"column":1}},"line":15},"1":{"name":"(anonymous_1)","decl":{"start":{"line":16,"column":23},"end":{"line":16,"column":24}},"loc":{"start":{"line":16,"column":50},"end":{"line":25,"column":5}},"line":16},"2":{"name":"(anonymous_2)","decl":{"start":{"line":17,"column":41},"end":{"line":17,"column":42}},"loc":{"start":{"line":17,"column":58},"end":{"line":22,"column":9}},"line":17},"3":{"name":"(anonymous_3)","decl":{"start":{"line":18,"column":46},"end":{"line":18,"column":47}},"loc":{"start":{"line":18,"column":62},"end":{"line":20,"column":13}},"line":18},"4":{"name":"(anonymous_4)","decl":{"start":{"line":22,"column":17},"end":{"line":22,"column":18}},"loc":{"start":{"line":22,"column":32},"end":{"line":24,"column":9}},"line":22},"5":{"name":"deleteUser","decl":{"start":{"line":28,"column":9},"end":{"line":28,"column":19}},"loc":{"start":{"line":28,"column":69},"end":{"line":48,"column":1}},"line":28},"6":{"name":"(anonymous_6)","decl":{"start":{"line":32,"column":23},"end":{"line":32,"column":24}},"loc":{"start":{"line":32,"column":50},"end":{"line":47,"column":5}},"line":32},"7":{"name":"(anonymous_7)","decl":{"start":{"line":34,"column":79},"end":{"line":34,"column":80}},"loc":{"start":{"line":34,"column":95},"end":{"line":44,"column":9}},"line":34},"8":{"name":"(anonymous_8)","decl":{"start":{"line":36,"column":153},"end":{"line":36,"column":154}},"loc":{"start":{"line":36,"column":176},"end":{"line":38,"column":17}},"line":36},"9":{"name":"(anonymous_9)","decl":{"start":{"line":38,"column":25},"end":{"line":38,"column":26}},"loc":{"start":{"line":38,"column":40},"end":{"line":40,"column":17}},"line":38},"10":{"name":"(anonymous_10)","decl":{"start":{"line":44,"column":17},"end":{"line":44,"column":18}},"loc":{"start":{"line":44,"column":32},"end":{"line":46,"column":9}},"line":44}},"branchMap":{"0":{"loc":{"start":{"line":35,"column":12},"end":{"line":43,"column":13}},"type":"if","locations":[{"start":{"line":35,"column":12},"end":{"line":43,"column":13}},{"start":{"line":35,"column":12},"end":{"line":43,"column":13}}],"line":35},"1":{"loc":{"start":{"line":35,"column":16},"end":{"line":35,"column":59}},"type":"binary-expr","locations":[{"start":{"line":35,"column":16},"end":{"line":35,"column":45}},{"start":{"line":35,"column":49},"end":{"line":35,"column":59}}],"line":35}},"s":{"0":1,"1":1,"2":1,"3":1,"4":1,"5":1,"6":4,"7":4,"8":4,"9":5,"10":4,"11":0,"12":16,"13":16,"14":16,"15":16,"16":16,"17":16,"18":12,"19":12,"20":0,"21":4,"22":0},"f":{"0":4,"1":4,"2":4,"3":5,"4":0,"5":16,"6":16,"7":16,"8":12,"9":0,"10":0},"b":{"0":[12,4],"1":[16,9]},"_coverageSchema":"332fd63041d2c1bcb487cc26dd0d5f7d97098a6c","hash":"26931d941edef1c5470b8d173975532b0b14c2d7","contentHash":"e72b609960990d7a6f86eb2e10d70560_10.3.2"},"C:\\Users\\Matthew\\Documents\\nodesites\\authentication-api\\lib\\clients\\userClient.js":{"path":"C:\\Users\\Matthew\\Documents\\nodesites\\authentication-api\\lib\\clients\\userClient.js","statementMap":{"0":{"start":{"line":3,"column":0},"end":{"line":5,"column":3}},"1":{"start":{"line":6,"column":0},"end":{"line":6,"column":40}},"2":{"start":{"line":7,"column":0},"end":{"line":7,"column":34}},"3":{"start":{"line":8,"column":0},"end":{"line":8,"column":62}},"4":{"start":{"line":9,"column":0},"end":{"line":9,"column":48}},"5":{"start":{"line":10,"column":0},"end":{"line":10,"column":34}},"6":{"start":{"line":11,"column":0},"end":{"line":11,"column":28}},"7":{"start":{"line":12,"column":0},"end":{"line":12,"column":40}},"8":{"start":{"line":14,"column":12},"end":{"line":14,"column":37}},"9":{"start":{"line":16,"column":13},"end":{"line":16,"column":42}},"10":{"start":{"line":18,"column":16},"end":{"line":18,"column":35}},"11":{"start":{"line":20,"column":17},"end":{"line":20,"column":50}},"12":{"start":{"line":22,"column":23},"end":{"line":22,"column":69}},"13":{"start":{"line":24,"column":17},"end":{"line":24,"column":53}},"14":{"start":{"line":26,"column":39},"end":{"line":26,"column":93}},"15":{"start":{"line":29,"column":13},"end":{"line":29,"column":49}},"16":{"start":{"line":30,"column":1},"end":{"line":30,"column":20}},"17":{"start":{"line":32,"column":1},"end":{"line":43,"column":4}},"18":{"start":{"line":34,"column":2},"end":{"line":42,"column":5}},"19":{"start":{"line":35,"column":3},"end":{"line":39,"column":4}},"20":{"start":{"line":36,"column":4},"end":{"line":36,"column":18}},"21":{"start":{"line":38,"column":4},"end":{"line":38,"column":18}},"22":{"start":{"line":41,"column":3},"end":{"line":41,"column":22}},"23":{"start":{"line":47,"column":1},"end":{"line":57,"column":4}},"24":{"start":{"line":48,"column":2},"end":{"line":56,"column":5}},"25":{"start":{"line":49,"column":3},"end":{"line":53,"column":4}},"26":{"start":{"line":50,"column":4},"end":{"line":50,"column":18}},"27":{"start":{"line":52,"column":4},"end":{"line":52,"column":46}},"28":{"start":{"line":55,"column":3},"end":{"line":55,"column":22}},"29":{"start":{"line":62,"column":13},"end":{"line":62,"column":68}},"30":{"start":{"line":63,"column":1},"end":{"line":63,"column":20}},"31":{"start":{"line":65,"column":1},"end":{"line":83,"column":4}},"32":{"start":{"line":66,"column":2},"end":{"line":82,"column":5}},"33":{"start":{"line":67,"column":3},"end":{"line":79,"column":4}},"34":{"start":{"line":68,"column":4},"end":{"line":76,"column":7}},"35":{"start":{"line":69,"column":5},"end":{"line":73,"column":6}},"36":{"start":{"line":70,"column":6},"end":{"line":70,"column":20}},"37":{"start":{"line":72,"column":6},"end":{"line":72,"column":20}},"38":{"start":{"line":75,"column":5},"end":{"line":75,"column":24}},"39":{"start":{"line":78,"column":4},"end":{"line":78,"column":18}},"40":{"start":{"line":81,"column":3},"end":{"line":81,"column":22}},"41":{"start":{"line":87,"column":1},"end":{"line":94,"column":4}},"42":{"start":{"line":88,"column":16},"end":{"line":88,"column":79}},"43":{"start":{"line":89,"column":2},"end":{"line":93,"column":5}},"44":{"start":{"line":90,"column":3},"end":{"line":90,"column":24}},"45":{"start":{"line":92,"column":3},"end":{"line":92,"column":22}},"46":{"start":{"line":98,"column":1},"end":{"line":111,"column":4}},"47":{"start":{"line":99,"column":16},"end":{"line":99,"column":76}},"48":{"start":{"line":101,"column":2},"end":{"line":110,"column":5}},"49":{"start":{"line":102,"column":3},"end":{"line":102,"column":27}},"50":{"start":{"line":103,"column":3},"end":{"line":107,"column":6}},"51":{"start":{"line":104,"column":4},"end":{"line":104,"column":25}},"52":{"start":{"line":106,"column":4},"end":{"line":106,"column":23}},"53":{"start":{"line":109,"column":3},"end":{"line":109,"column":22}},"54":{"start":{"line":115,"column":1},"end":{"line":121,"column":4}},"55":{"start":{"line":116,"column":2},"end":{"line":120,"column":5}},"56":{"start":{"line":117,"column":3},"end":{"line":117,"column":25}},"57":{"start":{"line":119,"column":3},"end":{"line":119,"column":22}},"58":{"start":{"line":125,"column":1},"end":{"line":131,"column":4}},"59":{"start":{"line":126,"column":2},"end":{"line":130,"column":5}},"60":{"start":{"line":127,"column":3},"end":{"line":127,"column":35}},"61":{"start":{"line":129,"column":3},"end":{"line":129,"column":22}}},"fnMap":{"0":{"name":"_interopRequireDefault","decl":{"start":{"line":26,"column":9},"end":{"line":26,"column":31}},"loc":{"start":{"line":26,"column":37},"end":{"line":26,"column":95}},"line":26},"1":{"name":"getUserByEmail","decl":{"start":{"line":28,"column":9},"end":{"line":28,"column":23}},"loc":{"start":{"line":28,"column":31},"end":{"line":44,"column":1}},"line":28},"2":{"name":"(anonymous_2)","decl":{"start":{"line":32,"column":20},"end":{"line":32,"column":21}},"loc":{"start":{"line":32,"column":47},"end":{"line":43,"column":2}},"line":32},"3":{"name":"(anonymous_3)","decl":{"start":{"line":34,"column":48},"end":{"line":34,"column":49}},"loc":{"start":{"line":34,"column":64},"end":{"line":40,"column":3}},"line":34},"4":{"name":"(anonymous_4)","decl":{"start":{"line":40,"column":11},"end":{"line":40,"column":12}},"loc":{"start":{"line":40,"column":26},"end":{"line":42,"column":3}},"line":40},"5":{"name":"getUserById","decl":{"start":{"line":46,"column":9},"end":{"line":46,"column":20}},"loc":{"start":{"line":46,"column":25},"end":{"line":58,"column":1}},"line":46},"6":{"name":"(anonymous_6)","decl":{"start":{"line":47,"column":20},"end":{"line":47,"column":21}},"loc":{"start":{"line":47,"column":47},"end":{"line":57,"column":2}},"line":47},"7":{"name":"(anonymous_7)","decl":{"start":{"line":48,"column":35},"end":{"line":48,"column":36}},"loc":{"start":{"line":48,"column":51},"end":{"line":54,"column":3}},"line":48},"8":{"name":"(anonymous_8)","decl":{"start":{"line":54,"column":11},"end":{"line":54,"column":12}},"loc":{"start":{"line":54,"column":26},"end":{"line":56,"column":3}},"line":54},"9":{"name":"getUserByEmailAndPassword","decl":{"start":{"line":60,"column":9},"end":{"line":60,"column":34}},"loc":{"start":{"line":60,"column":52},"end":{"line":84,"column":1}},"line":60},"10":{"name":"(anonymous_10)","decl":{"start":{"line":65,"column":20},"end":{"line":65,"column":21}},"loc":{"start":{"line":65,"column":47},"end":{"line":83,"column":2}},"line":65},"11":{"name":"(anonymous_11)","decl":{"start":{"line":66,"column":48},"end":{"line":66,"column":49}},"loc":{"start":{"line":66,"column":64},"end":{"line":80,"column":3}},"line":66},"12":{"name":"(anonymous_12)","decl":{"start":{"line":68,"column":61},"end":{"line":68,"column":62}},"loc":{"start":{"line":68,"column":79},"end":{"line":74,"column":5}},"line":68},"13":{"name":"(anonymous_13)","decl":{"start":{"line":74,"column":13},"end":{"line":74,"column":14}},"loc":{"start":{"line":74,"column":28},"end":{"line":76,"column":5}},"line":74},"14":{"name":"(anonymous_14)","decl":{"start":{"line":80,"column":11},"end":{"line":80,"column":12}},"loc":{"start":{"line":80,"column":26},"end":{"line":82,"column":3}},"line":80},"15":{"name":"saveThirdPartyUser","decl":{"start":{"line":86,"column":9},"end":{"line":86,"column":27}},"loc":{"start":{"line":86,"column":55},"end":{"line":95,"column":1}},"line":86},"16":{"name":"(anonymous_16)","decl":{"start":{"line":87,"column":20},"end":{"line":87,"column":21}},"loc":{"start":{"line":87,"column":47},"end":{"line":94,"column":2}},"line":87},"17":{"name":"(anonymous_17)","decl":{"start":{"line":89,"column":41},"end":{"line":89,"column":42}},"loc":{"start":{"line":89,"column":57},"end":{"line":91,"column":3}},"line":89},"18":{"name":"(anonymous_18)","decl":{"start":{"line":91,"column":11},"end":{"line":91,"column":12}},"loc":{"start":{"line":91,"column":26},"end":{"line":93,"column":3}},"line":91},"19":{"name":"saveNewUser","decl":{"start":{"line":97,"column":9},"end":{"line":97,"column":20}},"loc":{"start":{"line":97,"column":55},"end":{"line":112,"column":1}},"line":97},"20":{"name":"(anonymous_20)","decl":{"start":{"line":98,"column":20},"end":{"line":98,"column":21}},"loc":{"start":{"line":98,"column":47},"end":{"line":111,"column":2}},"line":98},"21":{"name":"(anonymous_21)","decl":{"start":{"line":101,"column":74},"end":{"line":101,"column":75}},"loc":{"start":{"line":101,"column":90},"end":{"line":108,"column":3}},"line":101},"22":{"name":"(anonymous_22)","decl":{"start":{"line":103,"column":42},"end":{"line":103,"column":43}},"loc":{"start":{"line":103,"column":58},"end":{"line":105,"column":4}},"line":103},"23":{"name":"(anonymous_23)","decl":{"start":{"line":105,"column":12},"end":{"line":105,"column":13}},"loc":{"start":{"line":105,"column":27},"end":{"line":107,"column":4}},"line":105},"24":{"name":"(anonymous_24)","decl":{"start":{"line":108,"column":11},"end":{"line":108,"column":12}},"loc":{"start":{"line":108,"column":26},"end":{"line":110,"column":3}},"line":108},"25":{"name":"getUsers","decl":{"start":{"line":114,"column":9},"end":{"line":114,"column":17}},"loc":{"start":{"line":114,"column":20},"end":{"line":122,"column":1}},"line":114},"26":{"name":"(anonymous_26)","decl":{"start":{"line":115,"column":20},"end":{"line":115,"column":21}},"loc":{"start":{"line":115,"column":47},"end":{"line":121,"column":2}},"line":115},"27":{"name":"(anonymous_27)","decl":{"start":{"line":116,"column":31},"end":{"line":116,"column":32}},"loc":{"start":{"line":116,"column":48},"end":{"line":118,"column":3}},"line":116},"28":{"name":"(anonymous_28)","decl":{"start":{"line":118,"column":11},"end":{"line":118,"column":12}},"loc":{"start":{"line":118,"column":26},"end":{"line":120,"column":3}},"line":118},"29":{"name":"deleteUserById","decl":{"start":{"line":124,"column":9},"end":{"line":124,"column":23}},"loc":{"start":{"line":124,"column":32},"end":{"line":132,"column":1}},"line":124},"30":{"name":"(anonymous_30)","decl":{"start":{"line":125,"column":20},"end":{"line":125,"column":21}},"loc":{"start":{"line":125,"column":47},"end":{"line":131,"column":2}},"line":125},"31":{"name":"(anonymous_31)","decl":{"start":{"line":126,"column":56},"end":{"line":126,"column":57}},"loc":{"start":{"line":126,"column":79},"end":{"line":128,"column":3}},"line":126},"32":{"name":"(anonymous_32)","decl":{"start":{"line":128,"column":11},"end":{"line":128,"column":12}},"loc":{"start":{"line":128,"column":26},"end":{"line":130,"column":3}},"line":128}},"branchMap":{"0":{"loc":{"start":{"line":26,"column":46},"end":{"line":26,"column":92}},"type":"cond-expr","locations":[{"start":{"line":26,"column":70},"end":{"line":26,"column":73}},{"start":{"line":26,"column":76},"end":{"line":26,"column":92}}],"line":26},"1":{"loc":{"start":{"line":26,"column":46},"end":{"line":26,"column":67}},"type":"binary-expr","locations":[{"start":{"line":26,"column":46},"end":{"line":26,"column":49}},{"start":{"line":26,"column":53},"end":{"line":26,"column":67}}],"line":26},"2":{"loc":{"start":{"line":35,"column":3},"end":{"line":39,"column":4}},"type":"if","locations":[{"start":{"line":35,"column":3},"end":{"line":39,"column":4}},{"start":{"line":35,"column":3},"end":{"line":39,"column":4}}],"line":35},"3":{"loc":{"start":{"line":49,"column":3},"end":{"line":53,"column":4}},"type":"if","locations":[{"start":{"line":49,"column":3},"end":{"line":53,"column":4}},{"start":{"line":49,"column":3},"end":{"line":53,"column":4}}],"line":49},"4":{"loc":{"start":{"line":67,"column":3},"end":{"line":79,"column":4}},"type":"if","locations":[{"start":{"line":67,"column":3},"end":{"line":79,"column":4}},{"start":{"line":67,"column":3},"end":{"line":79,"column":4}}],"line":67},"5":{"loc":{"start":{"line":69,"column":5},"end":{"line":73,"column":6}},"type":"if","locations":[{"start":{"line":69,"column":5},"end":{"line":73,"column":6}},{"start":{"line":69,"column":5},"end":{"line":73,"column":6}}],"line":69}},"s":{"0":1,"1":1,"2":1,"3":1,"4":1,"5":1,"6":1,"7":1,"8":1,"9":1,"10":1,"11":1,"12":1,"13":1,"14":2,"15":6,"16":6,"17":6,"18":6,"19":6,"20":4,"21":2,"22":0,"23":2,"24":2,"25":2,"26":2,"27":0,"28":0,"29":6,"30":6,"31":6,"32":6,"33":6,"34":6,"35":6,"36":5,"37":1,"38":0,"39":0,"40":0,"41":3,"42":3,"43":3,"44":3,"45":0,"46":8,"47":8,"48":8,"49":8,"50":8,"51":8,"52":0,"53":0,"54":5,"55":5,"56":5,"57":0,"58":4,"59":4,"60":4,"61":0},"f":{"0":2,"1":6,"2":6,"3":6,"4":0,"5":2,"6":2,"7":2,"8":0,"9":6,"10":6,"11":6,"12":6,"13":0,"14":0,"15":3,"16":3,"17":3,"18":0,"19":8,"20":8,"21":8,"22":8,"23":0,"24":0,"25":5,"26":5,"27":5,"28":0,"29":4,"30":4,"31":4,"32":0},"b":{"0":[0,2],"1":[2,2],"2":[4,2],"3":[2,0],"4":[6,0],"5":[5,1]},"_coverageSchema":"332fd63041d2c1bcb487cc26dd0d5f7d97098a6c","hash":"dee34245791156b6a734654039d83376917884e1","contentHash":"47cfe955e5b161102745da89b99bf615_10.3.2"},"C:\\Users\\Matthew\\Documents\\nodesites\\authentication-api\\lib\\models\\user.js":{"path":"C:\\Users\\Matthew\\Documents\\nodesites\\authentication-api\\lib\\models\\user.js","statementMap":{"0":{"start":{"line":3,"column":16},"end":{"line":3,"column":35}},"1":{"start":{"line":5,"column":17},"end":{"line":5,"column":50}},"2":{"start":{"line":7,"column":14},"end":{"line":7,"column":34}},"3":{"start":{"line":9,"column":15},"end":{"line":9,"column":46}},"4":{"start":{"line":11,"column":39},"end":{"line":11,"column":93}},"5":{"start":{"line":13,"column":0},"end":{"line":13,"column":37}},"6":{"start":{"line":14,"column":17},"end":{"line":35,"column":2}},"7":{"start":{"line":37,"column":0},"end":{"line":37,"column":62}}},"fnMap":{"0":{"name":"_interopRequireDefault","decl":{"start":{"line":11,"column":9},"end":{"line":11,"column":31}},"loc":{"start":{"line":11,"column":37},"end":{"line":11,"column":95}},"line":11}},"branchMap":{"0":{"loc":{"start":{"line":11,"column":46},"end":{"line":11,"column":92}},"type":"cond-expr","locations":[{"start":{"line":11,"column":70},"end":{"line":11,"column":73}},{"start":{"line":11,"column":76},"end":{"line":11,"column":92}}],"line":11},"1":{"loc":{"start":{"line":11,"column":46},"end":{"line":11,"column":67}},"type":"binary-expr","locations":[{"start":{"line":11,"column":46},"end":{"line":11,"column":49}},{"start":{"line":11,"column":53},"end":{"line":11,"column":67}}],"line":11}},"s":{"0":1,"1":1,"2":1,"3":1,"4":2,"5":1,"6":1,"7":1},"f":{"0":2},"b":{"0":[0,2],"1":[2,2]},"_coverageSchema":"332fd63041d2c1bcb487cc26dd0d5f7d97098a6c","hash":"c9f7dd093b32dc5c0081479293bc51a6f964d33b","contentHash":"5e5b538c7d9ba4f784bd7a78b9628ebd_10.3.2"},"C:\\Users\\Matthew\\Documents\\nodesites\\authentication-api\\lib\\config.js":{"path":"C:\\Users\\Matthew\\Documents\\nodesites\\authentication-api\\lib\\config.js","statementMap":{"0":{"start":{"line":3,"column":0},"end":{"line":9,"column":2}}},"fnMap":{},"branchMap":{},"s":{"0":1},"f":{},"b":{},"_coverageSchema":"332fd63041d2c1bcb487cc26dd0d5f7d97098a6c","hash":"93082f2b03f8528facb531f90afc65094806277b","contentHash":"80a732a6efe3c7b37ff9ae80a687a04f_10.3.2"},"C:\\Users\\Matthew\\Documents\\nodesites\\authentication-api\\lib\\models\\providers\\newUserProvider.js":{"path":"C:\\Users\\Matthew\\Documents\\nodesites\\authentication-api\\lib\\models\\providers\\newUserProvider.js","statementMap":{"0":{"start":{"line":3,"column":0},"end":{"line":5,"column":3}},"1":{"start":{"line":6,"column":0},"end":{"line":6,"column":40}},"2":{"start":{"line":8,"column":12},"end":{"line":8,"column":30}},"3":{"start":{"line":10,"column":13},"end":{"line":10,"column":42}},"4":{"start":{"line":12,"column":39},"end":{"line":12,"column":93}},"5":{"start":{"line":15,"column":13},"end":{"line":15,"column":83}},"6":{"start":{"line":16,"column":13},"end":{"line":16,"column":86}},"7":{"start":{"line":18,"column":1},"end":{"line":23,"column":4}}},"fnMap":{"0":{"name":"_interopRequireDefault","decl":{"start":{"line":12,"column":9},"end":{"line":12,"column":31}},"loc":{"start":{"line":12,"column":37},"end":{"line":12,"column":95}},"line":12},"1":{"name":"provideNewUser","decl":{"start":{"line":14,"column":9},"end":{"line":14,"column":23}},"loc":{"start":{"line":14,"column":41},"end":{"line":24,"column":1}},"line":14}},"branchMap":{"0":{"loc":{"start":{"line":12,"column":46},"end":{"line":12,"column":92}},"type":"cond-expr","locations":[{"start":{"line":12,"column":70},"end":{"line":12,"column":73}},{"start":{"line":12,"column":76},"end":{"line":12,"column":92}}],"line":12},"1":{"loc":{"start":{"line":12,"column":46},"end":{"line":12,"column":67}},"type":"binary-expr","locations":[{"start":{"line":12,"column":46},"end":{"line":12,"column":49}},{"start":{"line":12,"column":53},"end":{"line":12,"column":67}}],"line":12},"2":{"loc":{"start":{"line":15,"column":13},"end":{"line":15,"column":83}},"type":"cond-expr","locations":[{"start":{"line":15,"column":66},"end":{"line":15,"column":78}},{"start":{"line":15,"column":81},"end":{"line":15,"column":83}}],"line":15},"3":{"loc":{"start":{"line":15,"column":13},"end":{"line":15,"column":63}},"type":"binary-expr","locations":[{"start":{"line":15,"column":13},"end":{"line":15,"column":33}},{"start":{"line":15,"column":37},"end":{"line":15,"column":63}}],"line":15},"4":{"loc":{"start":{"line":16,"column":13},"end":{"line":16,"column":86}},"type":"cond-expr","locations":[{"start":{"line":16,"column":66},"end":{"line":16,"column":78}},{"start":{"line":16,"column":81},"end":{"line":16,"column":86}}],"line":16},"5":{"loc":{"start":{"line":16,"column":13},"end":{"line":16,"column":63}},"type":"binary-expr","locations":[{"start":{"line":16,"column":13},"end":{"line":16,"column":33}},{"start":{"line":16,"column":37},"end":{"line":16,"column":63}}],"line":16}},"s":{"0":1,"1":1,"2":1,"3":1,"4":1,"5":2,"6":2,"7":2},"f":{"0":1,"1":2},"b":{"0":[0,1],"1":[1,1],"2":[0,2],"3":[2,2],"4":[0,2],"5":[2,0]},"_coverageSchema":"332fd63041d2c1bcb487cc26dd0d5f7d97098a6c","hash":"296dd1212b64377daa64f2c561f538b88d55e1fa","contentHash":"8ce2ed0771ea8216c0789c95fc273410_10.3.2"},"C:\\Users\\Matthew\\Documents\\nodesites\\authentication-api\\lib\\models\\utils\\userUtils.js":{"path":"C:\\Users\\Matthew\\Documents\\nodesites\\authentication-api\\lib\\models\\utils\\userUtils.js","statementMap":{"0":{"start":{"line":3,"column":0},"end":{"line":5,"column":3}},"1":{"start":{"line":6,"column":0},"end":{"line":6,"column":28}},"2":{"start":{"line":7,"column":0},"end":{"line":7,"column":38}},"3":{"start":{"line":9,"column":14},"end":{"line":9,"column":37}},"4":{"start":{"line":11,"column":15},"end":{"line":11,"column":46}},"5":{"start":{"line":13,"column":15},"end":{"line":13,"column":33}},"6":{"start":{"line":15,"column":16},"end":{"line":15,"column":48}},"7":{"start":{"line":17,"column":39},"end":{"line":17,"column":93}},"8":{"start":{"line":19,"column":10},"end":{"line":19,"column":34}},"9":{"start":{"line":21,"column":0},"end":{"line":21,"column":51}},"10":{"start":{"line":25,"column":1},"end":{"line":32,"column":4}},"11":{"start":{"line":27,"column":2},"end":{"line":31,"column":5}},"12":{"start":{"line":28,"column":3},"end":{"line":28,"column":17}},"13":{"start":{"line":30,"column":3},"end":{"line":30,"column":22}},"14":{"start":{"line":36,"column":1},"end":{"line":36,"column":30}}},"fnMap":{"0":{"name":"_interopRequireDefault","decl":{"start":{"line":17,"column":9},"end":{"line":17,"column":31}},"loc":{"start":{"line":17,"column":37},"end":{"line":17,"column":95}},"line":17},"1":{"name":"saveUser","decl":{"start":{"line":23,"column":9},"end":{"line":23,"column":17}},"loc":{"start":{"line":23,"column":24},"end":{"line":33,"column":1}},"line":23},"2":{"name":"(anonymous_2)","decl":{"start":{"line":25,"column":20},"end":{"line":25,"column":21}},"loc":{"start":{"line":25,"column":47},"end":{"line":32,"column":2}},"line":25},"3":{"name":"(anonymous_3)","decl":{"start":{"line":27,"column":19},"end":{"line":27,"column":20}},"loc":{"start":{"line":27,"column":35},"end":{"line":29,"column":3}},"line":27},"4":{"name":"(anonymous_4)","decl":{"start":{"line":29,"column":11},"end":{"line":29,"column":12}},"loc":{"start":{"line":29,"column":26},"end":{"line":31,"column":3}},"line":29},"5":{"name":"getSaltRounds","decl":{"start":{"line":35,"column":9},"end":{"line":35,"column":22}},"loc":{"start":{"line":35,"column":25},"end":{"line":37,"column":1}},"line":35}},"branchMap":{"0":{"loc":{"start":{"line":17,"column":46},"end":{"line":17,"column":92}},"type":"cond-expr","locations":[{"start":{"line":17,"column":70},"end":{"line":17,"column":73}},{"start":{"line":17,"column":76},"end":{"line":17,"column":92}}],"line":17},"1":{"loc":{"start":{"line":17,"column":46},"end":{"line":17,"column":67}},"type":"binary-expr","locations":[{"start":{"line":17,"column":46},"end":{"line":17,"column":49}},{"start":{"line":17,"column":53},"end":{"line":17,"column":67}}],"line":17}},"s":{"0":1,"1":1,"2":1,"3":1,"4":1,"5":1,"6":1,"7":2,"8":1,"9":1,"10":2,"11":2,"12":2,"13":0,"14":2},"f":{"0":2,"1":2,"2":2,"3":2,"4":0,"5":2},"b":{"0":[0,2],"1":[2,2]},"_coverageSchema":"332fd63041d2c1bcb487cc26dd0d5f7d97098a6c","hash":"ff993de8b7fd272a34828eee061d5c7ec20a541e","contentHash":"0f123b48c69f9c8867cf4d8d13dddd71_10.3.2"},"C:\\Users\\Matthew\\Documents\\nodesites\\authentication-api\\lib\\clients\\claimClient.js":{"path":"C:\\Users\\Matthew\\Documents\\nodesites\\authentication-api\\lib\\clients\\claimClient.js","statementMap":{"0":{"start":{"line":3,"column":0},"end":{"line":5,"column":3}},"1":{"start":{"line":6,"column":0},"end":{"line":6,"column":36}},"2":{"start":{"line":7,"column":0},"end":{"line":7,"column":70}},"3":{"start":{"line":8,"column":0},"end":{"line":8,"column":76}},"4":{"start":{"line":9,"column":0},"end":{"line":9,"column":66}},"5":{"start":{"line":10,"column":0},"end":{"line":10,"column":56}},"6":{"start":{"line":11,"column":0},"end":{"line":11,"column":66}},"7":{"start":{"line":13,"column":24},"end":{"line":13,"column":71}},"8":{"start":{"line":15,"column":18},"end":{"line":15,"column":55}},"9":{"start":{"line":17,"column":13},"end":{"line":17,"column":39}},"10":{"start":{"line":19,"column":14},"end":{"line":19,"column":44}},"11":{"start":{"line":21,"column":22},"end":{"line":21,"column":58}},"12":{"start":{"line":23,"column":39},"end":{"line":23,"column":93}},"13":{"start":{"line":26,"column":4},"end":{"line":35,"column":7}},"14":{"start":{"line":27,"column":20},"end":{"line":27,"column":85}},"15":{"start":{"line":28,"column":8},"end":{"line":32,"column":11}},"16":{"start":{"line":29,"column":12},"end":{"line":29,"column":34}},"17":{"start":{"line":31,"column":12},"end":{"line":31,"column":31}},"18":{"start":{"line":34,"column":8},"end":{"line":34,"column":27}},"19":{"start":{"line":39,"column":4},"end":{"line":47,"column":7}},"20":{"start":{"line":40,"column":8},"end":{"line":46,"column":11}},"21":{"start":{"line":41,"column":12},"end":{"line":41,"column":58}},"22":{"start":{"line":42,"column":12},"end":{"line":42,"column":25}},"23":{"start":{"line":43,"column":12},"end":{"line":43,"column":27}},"24":{"start":{"line":45,"column":12},"end":{"line":45,"column":31}},"25":{"start":{"line":51,"column":4},"end":{"line":57,"column":7}},"26":{"start":{"line":52,"column":8},"end":{"line":56,"column":11}},"27":{"start":{"line":53,"column":12},"end":{"line":53,"column":33}},"28":{"start":{"line":55,"column":12},"end":{"line":55,"column":24}},"29":{"start":{"line":61,"column":4},"end":{"line":67,"column":7}},"30":{"start":{"line":62,"column":8},"end":{"line":66,"column":11}},"31":{"start":{"line":63,"column":12},"end":{"line":63,"column":26}},"32":{"start":{"line":65,"column":12},"end":{"line":65,"column":31}},"33":{"start":{"line":71,"column":4},"end":{"line":77,"column":7}},"34":{"start":{"line":72,"column":8},"end":{"line":76,"column":11}},"35":{"start":{"line":73,"column":12},"end":{"line":73,"column":34}},"36":{"start":{"line":75,"column":12},"end":{"line":75,"column":24}},"37":{"start":{"line":81,"column":4},"end":{"line":87,"column":7}},"38":{"start":{"line":82,"column":8},"end":{"line":86,"column":11}},"39":{"start":{"line":83,"column":12},"end":{"line":83,"column":44}},"40":{"start":{"line":85,"column":12},"end":{"line":85,"column":31}}},"fnMap":{"0":{"name":"_interopRequireDefault","decl":{"start":{"line":23,"column":9},"end":{"line":23,"column":31}},"loc":{"start":{"line":23,"column":37},"end":{"line":23,"column":95}},"line":23},"1":{"name":"saveNewClaim","decl":{"start":{"line":25,"column":9},"end":{"line":25,"column":21}},"loc":{"start":{"line":25,"column":49},"end":{"line":36,"column":1}},"line":25},"2":{"name":"(anonymous_2)","decl":{"start":{"line":26,"column":23},"end":{"line":26,"column":24}},"loc":{"start":{"line":26,"column":50},"end":{"line":33,"column":5}},"line":26},"3":{"name":"(anonymous_3)","decl":{"start":{"line":28,"column":47},"end":{"line":28,"column":48}},"loc":{"start":{"line":28,"column":64},"end":{"line":30,"column":9}},"line":28},"4":{"name":"(anonymous_4)","decl":{"start":{"line":30,"column":17},"end":{"line":30,"column":18}},"loc":{"start":{"line":30,"column":32},"end":{"line":32,"column":9}},"line":30},"5":{"name":"(anonymous_5)","decl":{"start":{"line":33,"column":13},"end":{"line":33,"column":14}},"loc":{"start":{"line":33,"column":28},"end":{"line":35,"column":5}},"line":33},"6":{"name":"saveAuthorizationTokenToClaim","decl":{"start":{"line":38,"column":9},"end":{"line":38,"column":38}},"loc":{"start":{"line":38,"column":68},"end":{"line":48,"column":1}},"line":38},"7":{"name":"(anonymous_7)","decl":{"start":{"line":39,"column":23},"end":{"line":39,"column":24}},"loc":{"start":{"line":39,"column":50},"end":{"line":47,"column":5}},"line":39},"8":{"name":"(anonymous_8)","decl":{"start":{"line":40,"column":47},"end":{"line":40,"column":48}},"loc":{"start":{"line":40,"column":64},"end":{"line":44,"column":9}},"line":40},"9":{"name":"(anonymous_9)","decl":{"start":{"line":44,"column":17},"end":{"line":44,"column":18}},"loc":{"start":{"line":44,"column":32},"end":{"line":46,"column":9}},"line":44},"10":{"name":"deleteClaimByClaimantAndClientId","decl":{"start":{"line":50,"column":9},"end":{"line":50,"column":41}},"loc":{"start":{"line":50,"column":64},"end":{"line":58,"column":1}},"line":50},"11":{"name":"(anonymous_11)","decl":{"start":{"line":51,"column":23},"end":{"line":51,"column":24}},"loc":{"start":{"line":51,"column":50},"end":{"line":57,"column":5}},"line":51},"12":{"name":"(anonymous_12)","decl":{"start":{"line":52,"column":92},"end":{"line":52,"column":93}},"loc":{"start":{"line":52,"column":110},"end":{"line":54,"column":9}},"line":52},"13":{"name":"(anonymous_13)","decl":{"start":{"line":54,"column":17},"end":{"line":54,"column":18}},"loc":{"start":{"line":54,"column":32},"end":{"line":56,"column":9}},"line":54},"14":{"name":"deleteAllClaimsByClaimantId","decl":{"start":{"line":60,"column":9},"end":{"line":60,"column":36}},"loc":{"start":{"line":60,"column":49},"end":{"line":68,"column":1}},"line":60},"15":{"name":"(anonymous_15)","decl":{"start":{"line":61,"column":23},"end":{"line":61,"column":24}},"loc":{"start":{"line":61,"column":50},"end":{"line":67,"column":5}},"line":61},"16":{"name":"(anonymous_16)","decl":{"start":{"line":62,"column":69},"end":{"line":62,"column":70}},"loc":{"start":{"line":62,"column":87},"end":{"line":64,"column":9}},"line":62},"17":{"name":"(anonymous_17)","decl":{"start":{"line":64,"column":17},"end":{"line":64,"column":18}},"loc":{"start":{"line":64,"column":32},"end":{"line":66,"column":9}},"line":64},"18":{"name":"getClaimByRefreshToken","decl":{"start":{"line":70,"column":9},"end":{"line":70,"column":31}},"loc":{"start":{"line":70,"column":46},"end":{"line":78,"column":1}},"line":70},"19":{"name":"(anonymous_19)","decl":{"start":{"line":71,"column":23},"end":{"line":71,"column":24}},"loc":{"start":{"line":71,"column":50},"end":{"line":77,"column":5}},"line":71},"20":{"name":"(anonymous_20)","decl":{"start":{"line":72,"column":69},"end":{"line":72,"column":70}},"loc":{"start":{"line":72,"column":86},"end":{"line":74,"column":9}},"line":72},"21":{"name":"(anonymous_21)","decl":{"start":{"line":74,"column":17},"end":{"line":74,"column":18}},"loc":{"start":{"line":74,"column":32},"end":{"line":76,"column":9}},"line":74},"22":{"name":"getUserByAuthorizationToken","decl":{"start":{"line":80,"column":9},"end":{"line":80,"column":36}},"loc":{"start":{"line":80,"column":57},"end":{"line":88,"column":1}},"line":80},"23":{"name":"(anonymous_23)","decl":{"start":{"line":81,"column":23},"end":{"line":81,"column":24}},"loc":{"start":{"line":81,"column":50},"end":{"line":87,"column":5}},"line":81},"24":{"name":"(anonymous_24)","decl":{"start":{"line":82,"column":112},"end":{"line":82,"column":113}},"loc":{"start":{"line":82,"column":137},"end":{"line":84,"column":9}},"line":82},"25":{"name":"(anonymous_25)","decl":{"start":{"line":84,"column":17},"end":{"line":84,"column":18}},"loc":{"start":{"line":84,"column":32},"end":{"line":86,"column":9}},"line":84}},"branchMap":{"0":{"loc":{"start":{"line":23,"column":46},"end":{"line":23,"column":92}},"type":"cond-expr","locations":[{"start":{"line":23,"column":70},"end":{"line":23,"column":73}},{"start":{"line":23,"column":76},"end":{"line":23,"column":92}}],"line":23},"1":{"loc":{"start":{"line":23,"column":46},"end":{"line":23,"column":67}},"type":"binary-expr","locations":[{"start":{"line":23,"column":46},"end":{"line":23,"column":49}},{"start":{"line":23,"column":53},"end":{"line":23,"column":67}}],"line":23}},"s":{"0":1,"1":1,"2":1,"3":1,"4":1,"5":1,"6":1,"7":1,"8":1,"9":1,"10":1,"11":1,"12":1,"13":7,"14":7,"15":7,"16":7,"17":0,"18":0,"19":7,"20":7,"21":7,"22":7,"23":7,"24":0,"25":4,"26":4,"27":4,"28":0,"29":4,"30":4,"31":4,"32":0,"33":4,"34":4,"35":4,"36":0,"37":4,"38":4,"39":4,"40":0},"f":{"0":1,"1":7,"2":7,"3":7,"4":0,"5":0,"6":7,"7":7,"8":7,"9":0,"10":4,"11":4,"12":4,"13":0,"14":4,"15":4,"16":4,"17":0,"18":4,"19":4,"20":4,"21":0,"22":4,"23":4,"24":4,"25":0},"b":{"0":[0,1],"1":[1,1]},"_coverageSchema":"332fd63041d2c1bcb487cc26dd0d5f7d97098a6c","hash":"21efe44745f7a44e9def2de849cc931ff6fd735a","contentHash":"ea3f3358caa25aba5e4aa7cd8b61272c_10.3.2"},"C:\\Users\\Matthew\\Documents\\nodesites\\authentication-api\\lib\\models\\providers\\newClaimProvider.js":{"path":"C:\\Users\\Matthew\\Documents\\nodesites\\authentication-api\\lib\\models\\providers\\newClaimProvider.js","statementMap":{"0":{"start":{"line":3,"column":0},"end":{"line":5,"column":3}},"1":{"start":{"line":6,"column":0},"end":{"line":6,"column":42}},"2":{"start":{"line":8,"column":13},"end":{"line":8,"column":32}},"3":{"start":{"line":10,"column":14},"end":{"line":10,"column":44}},"4":{"start":{"line":12,"column":39},"end":{"line":12,"column":93}},"5":{"start":{"line":15,"column":20},"end":{"line":19,"column":10}},"6":{"start":{"line":20,"column":8},"end":{"line":20,"column":21}}},"fnMap":{"0":{"name":"_interopRequireDefault","decl":{"start":{"line":12,"column":9},"end":{"line":12,"column":31}},"loc":{"start":{"line":12,"column":37},"end":{"line":12,"column":95}},"line":12},"1":{"name":"provideNewClaim","decl":{"start":{"line":14,"column":9},"end":{"line":14,"column":24}},"loc":{"start":{"line":14,"column":52},"end":{"line":21,"column":1}},"line":14}},"branchMap":{"0":{"loc":{"start":{"line":12,"column":46},"end":{"line":12,"column":92}},"type":"cond-expr","locations":[{"start":{"line":12,"column":70},"end":{"line":12,"column":73}},{"start":{"line":12,"column":76},"end":{"line":12,"column":92}}],"line":12},"1":{"loc":{"start":{"line":12,"column":46},"end":{"line":12,"column":67}},"type":"binary-expr","locations":[{"start":{"line":12,"column":46},"end":{"line":12,"column":49}},{"start":{"line":12,"column":53},"end":{"line":12,"column":67}}],"line":12}},"s":{"0":1,"1":1,"2":1,"3":1,"4":1,"5":4,"6":4},"f":{"0":1,"1":4},"b":{"0":[0,1],"1":[1,1]},"_coverageSchema":"332fd63041d2c1bcb487cc26dd0d5f7d97098a6c","hash":"175e1d7a60dd4fba51f7b23f7d3dfe84546cacb1","contentHash":"88fdb7714ebc0fdf2da7af230e808546_10.3.2"},"C:\\Users\\Matthew\\Documents\\nodesites\\authentication-api\\lib\\models\\claim.js":{"path":"C:\\Users\\Matthew\\Documents\\nodesites\\authentication-api\\lib\\models\\claim.js","statementMap":{"0":{"start":{"line":3,"column":16},"end":{"line":3,"column":35}},"1":{"start":{"line":5,"column":17},"end":{"line":5,"column":50}},"2":{"start":{"line":7,"column":17},"end":{"line":7,"column":38}},"3":{"start":{"line":9,"column":18},"end":{"line":9,"column":52}},"4":{"start":{"line":11,"column":39},"end":{"line":11,"column":93}},"5":{"start":{"line":13,"column":0},"end":{"line":13,"column":37}},"6":{"start":{"line":14,"column":13},"end":{"line":14,"column":38}},"7":{"start":{"line":15,"column":18},"end":{"line":33,"column":2}},"8":{"start":{"line":30,"column":12},"end":{"line":30,"column":52}},"9":{"start":{"line":35,"column":0},"end":{"line":35,"column":64}}},"fnMap":{"0":{"name":"_interopRequireDefault","decl":{"start":{"line":11,"column":9},"end":{"line":11,"column":31}},"loc":{"start":{"line":11,"column":37},"end":{"line":11,"column":95}},"line":11},"1":{"name":"_default","decl":{"start":{"line":29,"column":26},"end":{"line":29,"column":34}},"loc":{"start":{"line":29,"column":37},"end":{"line":31,"column":9}},"line":29}},"branchMap":{"0":{"loc":{"start":{"line":11,"column":46},"end":{"line":11,"column":92}},"type":"cond-expr","locations":[{"start":{"line":11,"column":70},"end":{"line":11,"column":73}},{"start":{"line":11,"column":76},"end":{"line":11,"column":92}}],"line":11},"1":{"loc":{"start":{"line":11,"column":46},"end":{"line":11,"column":67}},"type":"binary-expr","locations":[{"start":{"line":11,"column":46},"end":{"line":11,"column":49}},{"start":{"line":11,"column":53},"end":{"line":11,"column":67}}],"line":11}},"s":{"0":1,"1":1,"2":1,"3":1,"4":2,"5":1,"6":1,"7":1,"8":14,"9":1},"f":{"0":2,"1":14},"b":{"0":[0,2],"1":[2,2]},"_coverageSchema":"332fd63041d2c1bcb487cc26dd0d5f7d97098a6c","hash":"fcdba965d59320fac1d0d0a31ca07d217b40ca4f","contentHash":"e9e33aed5dc3c6a78146065476c32627_10.3.2"},"C:\\Users\\Matthew\\Documents\\nodesites\\authentication-api\\lib\\models\\utils\\claimUtils.js":{"path":"C:\\Users\\Matthew\\Documents\\nodesites\\authentication-api\\lib\\models\\utils\\claimUtils.js","statementMap":{"0":{"start":{"line":3,"column":0},"end":{"line":5,"column":3}},"1":{"start":{"line":6,"column":0},"end":{"line":6,"column":30}},"2":{"start":{"line":8,"column":1},"end":{"line":14,"column":4}},"3":{"start":{"line":9,"column":2},"end":{"line":13,"column":5}},"4":{"start":{"line":10,"column":3},"end":{"line":10,"column":18}},"5":{"start":{"line":12,"column":3},"end":{"line":12,"column":22}}},"fnMap":{"0":{"name":"saveClaim","decl":{"start":{"line":7,"column":9},"end":{"line":7,"column":18}},"loc":{"start":{"line":7,"column":26},"end":{"line":15,"column":1}},"line":7},"1":{"name":"(anonymous_1)","decl":{"start":{"line":8,"column":20},"end":{"line":8,"column":21}},"loc":{"start":{"line":8,"column":47},"end":{"line":14,"column":2}},"line":8},"2":{"name":"(anonymous_2)","decl":{"start":{"line":9,"column":20},"end":{"line":9,"column":21}},"loc":{"start":{"line":9,"column":37},"end":{"line":11,"column":3}},"line":9},"3":{"name":"(anonymous_3)","decl":{"start":{"line":11,"column":11},"end":{"line":11,"column":12}},"loc":{"start":{"line":11,"column":26},"end":{"line":13,"column":3}},"line":11}},"branchMap":{},"s":{"0":1,"1":1,"2":4,"3":4,"4":4,"5":0},"f":{"0":4,"1":4,"2":4,"3":0},"b":{},"_coverageSchema":"332fd63041d2c1bcb487cc26dd0d5f7d97098a6c","hash":"3b24f90b76bdfba7b7c1549347b85a8dcfb48317","contentHash":"03f690b839b65e29878f682c7bde4846_10.3.2"},"C:\\Users\\Matthew\\Documents\\nodesites\\authentication-api\\lib\\clients\\errorLogClient.js":{"path":"C:\\Users\\Matthew\\Documents\\nodesites\\authentication-api\\lib\\clients\\errorLogClient.js","statementMap":{"0":{"start":{"line":3,"column":0},"end":{"line":5,"column":3}},"1":{"start":{"line":6,"column":0},"end":{"line":6,"column":28}},"2":{"start":{"line":8,"column":27},"end":{"line":8,"column":77}},"3":{"start":{"line":10,"column":21},"end":{"line":10,"column":61}},"4":{"start":{"line":13,"column":4},"end":{"line":20,"column":7}},"5":{"start":{"line":14,"column":23},"end":{"line":14,"column":74}},"6":{"start":{"line":15,"column":8},"end":{"line":19,"column":11}},"7":{"start":{"line":16,"column":12},"end":{"line":16,"column":30}},"8":{"start":{"line":18,"column":12},"end":{"line":18,"column":31}}},"fnMap":{"0":{"name":"logError","decl":{"start":{"line":12,"column":9},"end":{"line":12,"column":17}},"loc":{"start":{"line":12,"column":25},"end":{"line":21,"column":1}},"line":12},"1":{"name":"(anonymous_1)","decl":{"start":{"line":13,"column":23},"end":{"line":13,"column":24}},"loc":{"start":{"line":13,"column":50},"end":{"line":20,"column":5}},"line":13},"2":{"name":"(anonymous_2)","decl":{"start":{"line":15,"column":56},"end":{"line":15,"column":57}},"loc":{"start":{"line":15,"column":76},"end":{"line":17,"column":9}},"line":15},"3":{"name":"(anonymous_3)","decl":{"start":{"line":17,"column":17},"end":{"line":17,"column":18}},"loc":{"start":{"line":17,"column":32},"end":{"line":19,"column":9}},"line":17}},"branchMap":{},"s":{"0":1,"1":1,"2":1,"3":1,"4":3,"5":3,"6":3,"7":3,"8":0},"f":{"0":3,"1":3,"2":3,"3":0},"b":{},"_coverageSchema":"332fd63041d2c1bcb487cc26dd0d5f7d97098a6c","hash":"a8d7a160331a9375a80df1f70d855d071b46ce82","contentHash":"a1bc5dfa389e4de7d040955b265f706b_10.3.2"},"C:\\Users\\Matthew\\Documents\\nodesites\\authentication-api\\lib\\models\\providers\\newErrorLogProvider.js":{"path":"C:\\Users\\Matthew\\Documents\\nodesites\\authentication-api\\lib\\models\\providers\\newErrorLogProvider.js","statementMap":{"0":{"start":{"line":3,"column":0},"end":{"line":5,"column":3}},"1":{"start":{"line":6,"column":0},"end":{"line":6,"column":48}},"2":{"start":{"line":8,"column":16},"end":{"line":8,"column":38}},"3":{"start":{"line":10,"column":17},"end":{"line":10,"column":50}},"4":{"start":{"line":12,"column":39},"end":{"line":12,"column":93}},"5":{"start":{"line":15,"column":19},"end":{"line":23,"column":6}},"6":{"start":{"line":24,"column":4},"end":{"line":24,"column":20}}},"fnMap":{"0":{"name":"_interopRequireDefault","decl":{"start":{"line":12,"column":9},"end":{"line":12,"column":31}},"loc":{"start":{"line":12,"column":37},"end":{"line":12,"column":95}},"line":12},"1":{"name":"provideNewErrorLog","decl":{"start":{"line":14,"column":9},"end":{"line":14,"column":27}},"loc":{"start":{"line":14,"column":35},"end":{"line":25,"column":1}},"line":14}},"branchMap":{"0":{"loc":{"start":{"line":12,"column":46},"end":{"line":12,"column":92}},"type":"cond-expr","locations":[{"start":{"line":12,"column":70},"end":{"line":12,"column":73}},{"start":{"line":12,"column":76},"end":{"line":12,"column":92}}],"line":12},"1":{"loc":{"start":{"line":12,"column":46},"end":{"line":12,"column":67}},"type":"binary-expr","locations":[{"start":{"line":12,"column":46},"end":{"line":12,"column":49}},{"start":{"line":12,"column":53},"end":{"line":12,"column":67}}],"line":12}},"s":{"0":1,"1":1,"2":1,"3":1,"4":1,"5":0,"6":0},"f":{"0":1,"1":0},"b":{"0":[0,1],"1":[1,1]},"_coverageSchema":"332fd63041d2c1bcb487cc26dd0d5f7d97098a6c","hash":"dc23504b72aac450c67b21419856662f47505622","contentHash":"718202d4d16fd992a44bfc33b1a89655_10.3.2"},"C:\\Users\\Matthew\\Documents\\nodesites\\authentication-api\\lib\\models\\errorLog.js":{"path":"C:\\Users\\Matthew\\Documents\\nodesites\\authentication-api\\lib\\models\\errorLog.js","statementMap":{"0":{"start":{"line":3,"column":16},"end":{"line":3,"column":35}},"1":{"start":{"line":5,"column":17},"end":{"line":5,"column":50}},"2":{"start":{"line":7,"column":39},"end":{"line":7,"column":93}},"3":{"start":{"line":9,"column":0},"end":{"line":9,"column":37}},"4":{"start":{"line":10,"column":13},"end":{"line":10,"column":38}},"5":{"start":{"line":11,"column":21},"end":{"line":38,"column":2}},"6":{"start":{"line":40,"column":0},"end":{"line":40,"column":70}}},"fnMap":{"0":{"name":"_interopRequireDefault","decl":{"start":{"line":7,"column":9},"end":{"line":7,"column":31}},"loc":{"start":{"line":7,"column":37},"end":{"line":7,"column":95}},"line":7}},"branchMap":{"0":{"loc":{"start":{"line":7,"column":46},"end":{"line":7,"column":92}},"type":"cond-expr","locations":[{"start":{"line":7,"column":70},"end":{"line":7,"column":73}},{"start":{"line":7,"column":76},"end":{"line":7,"column":92}}],"line":7},"1":{"loc":{"start":{"line":7,"column":46},"end":{"line":7,"column":67}},"type":"binary-expr","locations":[{"start":{"line":7,"column":46},"end":{"line":7,"column":49}},{"start":{"line":7,"column":53},"end":{"line":7,"column":67}}],"line":7}},"s":{"0":1,"1":1,"2":1,"3":1,"4":1,"5":1,"6":1},"f":{"0":1},"b":{"0":[0,1],"1":[1,1]},"_coverageSchema":"332fd63041d2c1bcb487cc26dd0d5f7d97098a6c","hash":"b6ae1be12bc8e1709242736ab8947e40c53f3bf8","contentHash":"0a659fa4a69683452d47a764eaca7f29_10.3.2"},"C:\\Users\\Matthew\\Documents\\nodesites\\authentication-api\\lib\\models\\utils\\errorLogUtils.js":{"path":"C:\\Users\\Matthew\\Documents\\nodesites\\authentication-api\\lib\\models\\utils\\errorLogUtils.js","statementMap":{"0":{"start":{"line":3,"column":0},"end":{"line":5,"column":3}},"1":{"start":{"line":6,"column":0},"end":{"line":6,"column":36}},"2":{"start":{"line":8,"column":1},"end":{"line":16,"column":4}},"3":{"start":{"line":9,"column":2},"end":{"line":13,"column":5}},"4":{"start":{"line":10,"column":3},"end":{"line":10,"column":21}},"5":{"start":{"line":12,"column":3},"end":{"line":12,"column":22}},"6":{"start":{"line":15,"column":2},"end":{"line":15,"column":21}}},"fnMap":{"0":{"name":"saveErrorLog","decl":{"start":{"line":7,"column":9},"end":{"line":7,"column":21}},"loc":{"start":{"line":7,"column":32},"end":{"line":17,"column":1}},"line":7},"1":{"name":"(anonymous_1)","decl":{"start":{"line":8,"column":20},"end":{"line":8,"column":21}},"loc":{"start":{"line":8,"column":47},"end":{"line":14,"column":2}},"line":8},"2":{"name":"(anonymous_2)","decl":{"start":{"line":9,"column":23},"end":{"line":9,"column":24}},"loc":{"start":{"line":9,"column":43},"end":{"line":11,"column":3}},"line":9},"3":{"name":"(anonymous_3)","decl":{"start":{"line":11,"column":11},"end":{"line":11,"column":12}},"loc":{"start":{"line":11,"column":26},"end":{"line":13,"column":3}},"line":11},"4":{"name":"(anonymous_4)","decl":{"start":{"line":14,"column":10},"end":{"line":14,"column":11}},"loc":{"start":{"line":14,"column":25},"end":{"line":16,"column":2}},"line":14}},"branchMap":{},"s":{"0":1,"1":1,"2":0,"3":0,"4":0,"5":0,"6":0},"f":{"0":0,"1":0,"2":0,"3":0,"4":0},"b":{},"_coverageSchema":"332fd63041d2c1bcb487cc26dd0d5f7d97098a6c","hash":"19c9a67f91c5bc4604ab95095934e6d0964307e4","contentHash":"70173b9f102f1038201d976807c1fea6_10.3.2"},"C:\\Users\\Matthew\\Documents\\nodesites\\authentication-api\\lib\\modules\\authorizationTokenHelper.js":{"path":"C:\\Users\\Matthew\\Documents\\nodesites\\authentication-api\\lib\\modules\\authorizationTokenHelper.js","statementMap":{"0":{"start":{"line":3,"column":0},"end":{"line":5,"column":3}},"1":{"start":{"line":6,"column":0},"end":{"line":6,"column":88}},"2":{"start":{"line":8,"column":34},"end":{"line":8,"column":73}},"3":{"start":{"line":9,"column":33},"end":{"line":9,"column":59}},"4":{"start":{"line":10,"column":4},"end":{"line":10,"column":34}}},"fnMap":{"0":{"name":"stripOutBearerToJustAuthorizationToken","decl":{"start":{"line":7,"column":9},"end":{"line":7,"column":47}},"loc":{"start":{"line":7,"column":78},"end":{"line":11,"column":1}},"line":7}},"branchMap":{},"s":{"0":1,"1":1,"2":12,"3":12,"4":12},"f":{"0":12},"b":{},"_coverageSchema":"332fd63041d2c1bcb487cc26dd0d5f7d97098a6c","hash":"562919e21098ae69a8f735ab9d0289d25a9aac23","contentHash":"0ac56f97d3fb7d4632597f8c2d2e5b47_10.3.2"},"C:\\Users\\Matthew\\Documents\\nodesites\\authentication-api\\lib\\routes\\authorize.js":{"path":"C:\\Users\\Matthew\\Documents\\nodesites\\authentication-api\\lib\\routes\\authorize.js","statementMap":{"0":{"start":{"line":3,"column":28},"end":{"line":3,"column":71}},"1":{"start":{"line":5,"column":20},"end":{"line":5,"column":55}},"2":{"start":{"line":7,"column":0},"end":{"line":35,"column":2}},"3":{"start":{"line":9,"column":2},"end":{"line":16,"column":5}},"4":{"start":{"line":10,"column":3},"end":{"line":13,"column":6}},"5":{"start":{"line":15,"column":3},"end":{"line":15,"column":34}},"6":{"start":{"line":19,"column":2},"end":{"line":21,"column":5}},"7":{"start":{"line":25,"column":2},"end":{"line":33,"column":5}},"8":{"start":{"line":26,"column":3},"end":{"line":26,"column":26}},"9":{"start":{"line":27,"column":3},"end":{"line":30,"column":6}},"10":{"start":{"line":32,"column":3},"end":{"line":32,"column":34}}},"fnMap":{"0":{"name":"authorize","decl":{"start":{"line":8,"column":21},"end":{"line":8,"column":30}},"loc":{"start":{"line":8,"column":41},"end":{"line":17,"column":2}},"line":8},"1":{"name":"(anonymous_1)","decl":{"start":{"line":9,"column":120},"end":{"line":9,"column":121}},"loc":{"start":{"line":9,"column":137},"end":{"line":14,"column":3}},"line":9},"2":{"name":"(anonymous_2)","decl":{"start":{"line":14,"column":11},"end":{"line":14,"column":12}},"loc":{"start":{"line":14,"column":26},"end":{"line":16,"column":3}},"line":14},"3":{"name":"getAuthorizationStatus","decl":{"start":{"line":18,"column":34},"end":{"line":18,"column":56}},"loc":{"start":{"line":18,"column":67},"end":{"line":22,"column":2}},"line":18},"4":{"name":"refreshAuthorizationToken","decl":{"start":{"line":23,"column":37},"end":{"line":23,"column":62}},"loc":{"start":{"line":23,"column":73},"end":{"line":34,"column":2}},"line":23},"5":{"name":"(anonymous_5)","decl":{"start":{"line":25,"column":92},"end":{"line":25,"column":93}},"loc":{"start":{"line":25,"column":122},"end":{"line":31,"column":3}},"line":25},"6":{"name":"(anonymous_6)","decl":{"start":{"line":31,"column":11},"end":{"line":31,"column":12}},"loc":{"start":{"line":31,"column":26},"end":{"line":33,"column":3}},"line":31}},"branchMap":{},"s":{"0":1,"1":1,"2":1,"3":10,"4":6,"5":4,"6":2,"7":9,"8":5,"9":5,"10":4},"f":{"0":10,"1":6,"2":4,"3":2,"4":9,"5":5,"6":4},"b":{},"_coverageSchema":"332fd63041d2c1bcb487cc26dd0d5f7d97098a6c","hash":"a986e1a4db1509722796e8d5677c9c998c144453","contentHash":"f972205a3ea1eef5eb866450f967998d_10.3.2"},"C:\\Users\\Matthew\\Documents\\nodesites\\authentication-api\\lib\\services\\authorizationService.js":{"path":"C:\\Users\\Matthew\\Documents\\nodesites\\authentication-api\\lib\\services\\authorizationService.js","statementMap":{"0":{"start":{"line":3,"column":0},"end":{"line":5,"column":3}},"1":{"start":{"line":6,"column":0},"end":{"line":6,"column":44}},"2":{"start":{"line":7,"column":0},"end":{"line":7,"column":38}},"3":{"start":{"line":8,"column":0},"end":{"line":8,"column":54}},"4":{"start":{"line":10,"column":18},"end":{"line":10,"column":50}},"5":{"start":{"line":12,"column":17},"end":{"line":12,"column":53}},"6":{"start":{"line":14,"column":22},"end":{"line":14,"column":58}},"7":{"start":{"line":16,"column":19},"end":{"line":16,"column":52}},"8":{"start":{"line":18,"column":20},"end":{"line":18,"column":45}},"9":{"start":{"line":20,"column":33},"end":{"line":20,"column":71}},"10":{"start":{"line":22,"column":40},"end":{"line":22,"column":267}},"11":{"start":{"line":22,"column":69},"end":{"line":22,"column":80}},"12":{"start":{"line":22,"column":103},"end":{"line":22,"column":105}},"13":{"start":{"line":22,"column":107},"end":{"line":22,"column":228}},"14":{"start":{"line":22,"column":126},"end":{"line":22,"column":226}},"15":{"start":{"line":22,"column":149},"end":{"line":22,"column":224}},"16":{"start":{"line":22,"column":201},"end":{"line":22,"column":224}},"17":{"start":{"line":22,"column":229},"end":{"line":22,"column":250}},"18":{"start":{"line":22,"column":251},"end":{"line":22,"column":265}},"19":{"start":{"line":25,"column":1},"end":{"line":37,"column":4}},"20":{"start":{"line":26,"column":2},"end":{"line":36,"column":5}},"21":{"start":{"line":27,"column":3},"end":{"line":33,"column":6}},"22":{"start":{"line":28,"column":4},"end":{"line":30,"column":7}},"23":{"start":{"line":29,"column":5},"end":{"line":29,"column":24}},"24":{"start":{"line":32,"column":4},"end":{"line":32,"column":23}},"25":{"start":{"line":35,"column":3},"end":{"line":35,"column":22}},"26":{"start":{"line":42,"column":13},"end":{"line":42,"column":63}},"27":{"start":{"line":43,"column":1},"end":{"line":43,"column":20}},"28":{"start":{"line":45,"column":1},"end":{"line":59,"column":4}},"29":{"start":{"line":46,"column":2},"end":{"line":58,"column":5}},"30":{"start":{"line":47,"column":3},"end":{"line":47,"column":17}},"31":{"start":{"line":49,"column":3},"end":{"line":57,"column":6}},"32":{"start":{"line":50,"column":4},"end":{"line":54,"column":7}},"33":{"start":{"line":51,"column":5},"end":{"line":51,"column":27}},"34":{"start":{"line":53,"column":5},"end":{"line":53,"column":54}},"35":{"start":{"line":56,"column":4},"end":{"line":56,"column":23}},"36":{"start":{"line":63,"column":1},"end":{"line":77,"column":4}},"37":{"start":{"line":64,"column":2},"end":{"line":76,"column":5}},"38":{"start":{"line":65,"column":3},"end":{"line":73,"column":6}},"39":{"start":{"line":66,"column":4},"end":{"line":70,"column":7}},"40":{"start":{"line":67,"column":5},"end":{"line":67,"column":27}},"41":{"start":{"line":69,"column":5},"end":{"line":69,"column":54}},"42":{"start":{"line":72,"column":4},"end":{"line":72,"column":23}},"43":{"start":{"line":75,"column":3},"end":{"line":75,"column":22}},"44":{"start":{"line":81,"column":1},"end":{"line":107,"column":4}},"45":{"start":{"line":82,"column":2},"end":{"line":106,"column":5}},"46":{"start":{"line":83,"column":3},"end":{"line":103,"column":6}},"47":{"start":{"line":84,"column":4},"end":{"line":92,"column":7}},"48":{"start":{"line":85,"column":5},"end":{"line":89,"column":8}},"49":{"start":{"line":86,"column":6},"end":{"line":86,"column":28}},"50":{"start":{"line":88,"column":6},"end":{"line":88,"column":55}},"51":{"start":{"line":91,"column":5},"end":{"line":91,"column":24}},"52":{"start":{"line":94,"column":4},"end":{"line":102,"column":7}},"53":{"start":{"line":95,"column":5},"end":{"line":99,"column":8}},"54":{"start":{"line":96,"column":6},"end":{"line":96,"column":28}},"55":{"start":{"line":98,"column":6},"end":{"line":98,"column":25}},"56":{"start":{"line":101,"column":5},"end":{"line":101,"column":24}},"57":{"start":{"line":105,"column":3},"end":{"line":105,"column":22}}},"fnMap":{"0":{"name":"_interopRequireWildcard","decl":{"start":{"line":22,"column":9},"end":{"line":22,"column":32}},"loc":{"start":{"line":22,"column":38},"end":{"line":22,"column":269}},"line":22},"1":{"name":"_saveClaim","decl":{"start":{"line":24,"column":9},"end":{"line":24,"column":19}},"loc":{"start":{"line":24,"column":45},"end":{"line":38,"column":1}},"line":24},"2":{"name":"(anonymous_2)","decl":{"start":{"line":25,"column":20},"end":{"line":25,"column":21}},"loc":{"start":{"line":25,"column":47},"end":{"line":37,"column":2}},"line":25},"3":{"name":"(anonymous_3)","decl":{"start":{"line":26,"column":67},"end":{"line":26,"column":68}},"loc":{"start":{"line":26,"column":87},"end":{"line":34,"column":3}},"line":26},"4":{"name":"(anonymous_4)","decl":{"start":{"line":27,"column":74},"end":{"line":27,"column":75}},"loc":{"start":{"line":27,"column":101},"end":{"line":31,"column":4}},"line":27},"5":{"name":"(anonymous_5)","decl":{"start":{"line":28,"column":82},"end":{"line":28,"column":83}},"loc":{"start":{"line":28,"column":97},"end":{"line":30,"column":5}},"line":28},"6":{"name":"(anonymous_6)","decl":{"start":{"line":31,"column":12},"end":{"line":31,"column":13}},"loc":{"start":{"line":31,"column":27},"end":{"line":33,"column":4}},"line":31},"7":{"name":"(anonymous_7)","decl":{"start":{"line":34,"column":11},"end":{"line":34,"column":12}},"loc":{"start":{"line":34,"column":26},"end":{"line":36,"column":3}},"line":34},"8":{"name":"authorizeNewUser","decl":{"start":{"line":40,"column":9},"end":{"line":40,"column":25}},"loc":{"start":{"line":40,"column":68},"end":{"line":60,"column":1}},"line":40},"9":{"name":"(anonymous_9)","decl":{"start":{"line":45,"column":20},"end":{"line":45,"column":21}},"loc":{"start":{"line":45,"column":47},"end":{"line":59,"column":2}},"line":45},"10":{"name":"(anonymous_10)","decl":{"start":{"line":46,"column":40},"end":{"line":46,"column":41}},"loc":{"start":{"line":46,"column":56},"end":{"line":48,"column":3}},"line":46},"11":{"name":"(anonymous_11)","decl":{"start":{"line":48,"column":11},"end":{"line":48,"column":12}},"loc":{"start":{"line":48,"column":26},"end":{"line":58,"column":3}},"line":48},"12":{"name":"(anonymous_12)","decl":{"start":{"line":49,"column":54},"end":{"line":49,"column":55}},"loc":{"start":{"line":49,"column":73},"end":{"line":55,"column":4}},"line":49},"13":{"name":"(anonymous_13)","decl":{"start":{"line":50,"column":48},"end":{"line":50,"column":49}},"loc":{"start":{"line":50,"column":65},"end":{"line":52,"column":5}},"line":50},"14":{"name":"(anonymous_14)","decl":{"start":{"line":52,"column":13},"end":{"line":52,"column":14}},"loc":{"start":{"line":52,"column":28},"end":{"line":54,"column":5}},"line":52},"15":{"name":"(anonymous_15)","decl":{"start":{"line":55,"column":12},"end":{"line":55,"column":13}},"loc":{"start":{"line":55,"column":27},"end":{"line":57,"column":4}},"line":55},"16":{"name":"authorizeUser","decl":{"start":{"line":62,"column":9},"end":{"line":62,"column":22}},"loc":{"start":{"line":62,"column":59},"end":{"line":78,"column":1}},"line":62},"17":{"name":"(anonymous_17)","decl":{"start":{"line":63,"column":20},"end":{"line":63,"column":21}},"loc":{"start":{"line":63,"column":47},"end":{"line":77,"column":2}},"line":63},"18":{"name":"(anonymous_18)","decl":{"start":{"line":64,"column":61},"end":{"line":64,"column":62}},"loc":{"start":{"line":64,"column":77},"end":{"line":74,"column":3}},"line":64},"19":{"name":"(anonymous_19)","decl":{"start":{"line":65,"column":79},"end":{"line":65,"column":80}},"loc":{"start":{"line":65,"column":97},"end":{"line":71,"column":4}},"line":65},"20":{"name":"(anonymous_20)","decl":{"start":{"line":66,"column":45},"end":{"line":66,"column":46}},"loc":{"start":{"line":66,"column":62},"end":{"line":68,"column":5}},"line":66},"21":{"name":"(anonymous_21)","decl":{"start":{"line":68,"column":13},"end":{"line":68,"column":14}},"loc":{"start":{"line":68,"column":28},"end":{"line":70,"column":5}},"line":68},"22":{"name":"(anonymous_22)","decl":{"start":{"line":71,"column":12},"end":{"line":71,"column":13}},"loc":{"start":{"line":71,"column":27},"end":{"line":73,"column":4}},"line":71},"23":{"name":"(anonymous_23)","decl":{"start":{"line":74,"column":11},"end":{"line":74,"column":12}},"loc":{"start":{"line":74,"column":26},"end":{"line":76,"column":3}},"line":74},"24":{"name":"authorizeFacebookUser","decl":{"start":{"line":80,"column":9},"end":{"line":80,"column":30}},"loc":{"start":{"line":80,"column":63},"end":{"line":108,"column":1}},"line":80},"25":{"name":"(anonymous_25)","decl":{"start":{"line":81,"column":20},"end":{"line":81,"column":21}},"loc":{"start":{"line":81,"column":47},"end":{"line":107,"column":2}},"line":81},"26":{"name":"(anonymous_26)","decl":{"start":{"line":82,"column":67},"end":{"line":82,"column":68}},"loc":{"start":{"line":82,"column":83},"end":{"line":104,"column":3}},"line":82},"27":{"name":"(anonymous_27)","decl":{"start":{"line":83,"column":46},"end":{"line":83,"column":47}},"loc":{"start":{"line":83,"column":62},"end":{"line":93,"column":4}},"line":83},"28":{"name":"(anonymous_28)","decl":{"start":{"line":84,"column":80},"end":{"line":84,"column":81}},"loc":{"start":{"line":84,"column":98},"end":{"line":90,"column":5}},"line":84},"29":{"name":"(anonymous_29)","decl":{"start":{"line":85,"column":46},"end":{"line":85,"column":47}},"loc":{"start":{"line":85,"column":63},"end":{"line":87,"column":6}},"line":85},"30":{"name":"(anonymous_30)","decl":{"start":{"line":87,"column":14},"end":{"line":87,"column":15}},"loc":{"start":{"line":87,"column":29},"end":{"line":89,"column":6}},"line":87},"31":{"name":"(anonymous_31)","decl":{"start":{"line":90,"column":13},"end":{"line":90,"column":14}},"loc":{"start":{"line":90,"column":28},"end":{"line":92,"column":5}},"line":90},"32":{"name":"(anonymous_32)","decl":{"start":{"line":93,"column":12},"end":{"line":93,"column":13}},"loc":{"start":{"line":93,"column":27},"end":{"line":103,"column":4}},"line":93},"33":{"name":"(anonymous_33)","decl":{"start":{"line":94,"column":85},"end":{"line":94,"column":86}},"loc":{"start":{"line":94,"column":104},"end":{"line":100,"column":5}},"line":94},"34":{"name":"(anonymous_34)","decl":{"start":{"line":95,"column":49},"end":{"line":95,"column":50}},"loc":{"start":{"line":95,"column":66},"end":{"line":97,"column":6}},"line":95},"35":{"name":"(anonymous_35)","decl":{"start":{"line":97,"column":14},"end":{"line":97,"column":15}},"loc":{"start":{"line":97,"column":29},"end":{"line":99,"column":6}},"line":97},"36":{"name":"(anonymous_36)","decl":{"start":{"line":100,"column":13},"end":{"line":100,"column":14}},"loc":{"start":{"line":100,"column":28},"end":{"line":102,"column":5}},"line":100},"37":{"name":"(anonymous_37)","decl":{"start":{"line":104,"column":11},"end":{"line":104,"column":12}},"loc":{"start":{"line":104,"column":26},"end":{"line":106,"column":3}},"line":104}},"branchMap":{"0":{"loc":{"start":{"line":22,"column":40},"end":{"line":22,"column":267}},"type":"if","locations":[{"start":{"line":22,"column":40},"end":{"line":22,"column":267}},{"start":{"line":22,"column":40},"end":{"line":22,"column":267}}],"line":22},"1":{"loc":{"start":{"line":22,"column":44},"end":{"line":22,"column":65}},"type":"binary-expr","locations":[{"start":{"line":22,"column":44},"end":{"line":22,"column":47}},{"start":{"line":22,"column":51},"end":{"line":22,"column":65}}],"line":22},"2":{"loc":{"start":{"line":22,"column":107},"end":{"line":22,"column":228}},"type":"if","locations":[{"start":{"line":22,"column":107},"end":{"line":22,"column":228}},{"start":{"line":22,"column":107},"end":{"line":22,"column":228}}],"line":22},"3":{"loc":{"start":{"line":22,"column":149},"end":{"line":22,"column":224}},"type":"if","locations":[{"start":{"line":22,"column":149},"end":{"line":22,"column":224}},{"start":{"line":22,"column":149},"end":{"line":22,"column":224}}],"line":22}},"s":{"0":1,"1":1,"2":1,"3":1,"4":1,"5":1,"6":1,"7":1,"8":1,"9":1,"10":1,"11":1,"12":0,"13":0,"14":0,"15":0,"16":0,"17":0,"18":0,"19":30,"20":30,"21":30,"22":30,"23":0,"24":30,"25":0,"26":16,"27":16,"28":16,"29":16,"30":8,"31":8,"32":8,"33":8,"34":0,"35":0,"36":9,"37":9,"38":8,"39":8,"40":8,"41":0,"42":0,"43":1,"44":14,"45":14,"46":14,"47":7,"48":7,"49":7,"50":0,"51":0,"52":7,"53":7,"54":7,"55":0,"56":0,"57":0},"f":{"0":1,"1":30,"2":30,"3":30,"4":30,"5":0,"6":30,"7":0,"8":16,"9":16,"10":8,"11":8,"12":8,"13":8,"14":0,"15":0,"16":9,"17":9,"18":8,"19":8,"20":8,"21":0,"22":0,"23":1,"24":14,"25":14,"26":14,"27":7,"28":7,"29":7,"30":0,"31":0,"32":7,"33":7,"34":7,"35":0,"36":0,"37":0},"b":{"0":[1,0],"1":[1,1],"2":[0,0],"3":[0,0]},"_coverageSchema":"332fd63041d2c1bcb487cc26dd0d5f7d97098a6c","hash":"98f4c194384c9f618a33eeade3daa10d9017915f","contentHash":"b790b255303c68d6024b98f8a0cd5659_10.3.2"},"C:\\Users\\Matthew\\Documents\\nodesites\\authentication-api\\lib\\clients\\facebookClient.js":{"path":"C:\\Users\\Matthew\\Documents\\nodesites\\authentication-api\\lib\\clients\\facebookClient.js","statementMap":{"0":{"start":{"line":3,"column":0},"end":{"line":5,"column":3}},"1":{"start":{"line":6,"column":0},"end":{"line":6,"column":42}},"2":{"start":{"line":8,"column":13},"end":{"line":8,"column":29}},"3":{"start":{"line":10,"column":14},"end":{"line":10,"column":44}},"4":{"start":{"line":12,"column":39},"end":{"line":12,"column":93}},"5":{"start":{"line":14,"column":15},"end":{"line":14,"column":46}},"6":{"start":{"line":15,"column":20},"end":{"line":15,"column":63}},"7":{"start":{"line":18,"column":1},"end":{"line":28,"column":4}},"8":{"start":{"line":19,"column":2},"end":{"line":27,"column":5}},"9":{"start":{"line":20,"column":3},"end":{"line":24,"column":4}},"10":{"start":{"line":21,"column":4},"end":{"line":21,"column":50}},"11":{"start":{"line":23,"column":4},"end":{"line":23,"column":27}},"12":{"start":{"line":26,"column":3},"end":{"line":26,"column":15}}},"fnMap":{"0":{"name":"_interopRequireDefault","decl":{"start":{"line":12,"column":9},"end":{"line":12,"column":31}},"loc":{"start":{"line":12,"column":37},"end":{"line":12,"column":95}},"line":12},"1":{"name":"getFacebookUser","decl":{"start":{"line":17,"column":9},"end":{"line":17,"column":24}},"loc":{"start":{"line":17,"column":38},"end":{"line":29,"column":1}},"line":17},"2":{"name":"(anonymous_2)","decl":{"start":{"line":18,"column":20},"end":{"line":18,"column":21}},"loc":{"start":{"line":18,"column":47},"end":{"line":28,"column":2}},"line":18},"3":{"name":"(anonymous_3)","decl":{"start":{"line":19,"column":99},"end":{"line":19,"column":100}},"loc":{"start":{"line":19,"column":119},"end":{"line":25,"column":3}},"line":19},"4":{"name":"(anonymous_4)","decl":{"start":{"line":25,"column":11},"end":{"line":25,"column":12}},"loc":{"start":{"line":25,"column":26},"end":{"line":27,"column":3}},"line":25}},"branchMap":{"0":{"loc":{"start":{"line":12,"column":46},"end":{"line":12,"column":92}},"type":"cond-expr","locations":[{"start":{"line":12,"column":70},"end":{"line":12,"column":73}},{"start":{"line":12,"column":76},"end":{"line":12,"column":92}}],"line":12},"1":{"loc":{"start":{"line":12,"column":46},"end":{"line":12,"column":67}},"type":"binary-expr","locations":[{"start":{"line":12,"column":46},"end":{"line":12,"column":49}},{"start":{"line":12,"column":53},"end":{"line":12,"column":67}}],"line":12},"2":{"loc":{"start":{"line":20,"column":3},"end":{"line":24,"column":4}},"type":"if","locations":[{"start":{"line":20,"column":3},"end":{"line":24,"column":4}},{"start":{"line":20,"column":3},"end":{"line":24,"column":4}}],"line":20}},"s":{"0":1,"1":1,"2":1,"3":1,"4":1,"5":1,"6":1,"7":2,"8":2,"9":2,"10":0,"11":2,"12":0},"f":{"0":1,"1":2,"2":2,"3":2,"4":0},"b":{"0":[0,1],"1":[1,1],"2":[0,2]},"_coverageSchema":"332fd63041d2c1bcb487cc26dd0d5f7d97098a6c","hash":"8024b0e55c0f91f78053c0bed5de3641d19e355c","contentHash":"8427bfae2568f84ce0c19163e3ca9f04_10.3.2"},"C:\\Users\\Matthew\\Documents\\nodesites\\authentication-api\\lib\\services\\claimService.js":{"path":"C:\\Users\\Matthew\\Documents\\nodesites\\authentication-api\\lib\\services\\claimService.js","statementMap":{"0":{"start":{"line":3,"column":0},"end":{"line":5,"column":3}},"1":{"start":{"line":6,"column":0},"end":{"line":6,"column":52}},"2":{"start":{"line":7,"column":0},"end":{"line":7,"column":96}},"3":{"start":{"line":9,"column":19},"end":{"line":9,"column":52}},"4":{"start":{"line":11,"column":18},"end":{"line":11,"column":50}},"5":{"start":{"line":13,"column":33},"end":{"line":13,"column":81}},"6":{"start":{"line":16,"column":4},"end":{"line":22,"column":6}},"7":{"start":{"line":26,"column":4},"end":{"line":50,"column":7}},"8":{"start":{"line":28,"column":20},"end":{"line":28,"column":31}},"9":{"start":{"line":29,"column":8},"end":{"line":29,"column":39}},"10":{"start":{"line":30,"column":8},"end":{"line":30,"column":27}},"11":{"start":{"line":32,"column":8},"end":{"line":49,"column":11}},"12":{"start":{"line":33,"column":12},"end":{"line":46,"column":13}},"13":{"start":{"line":34,"column":38},"end":{"line":34,"column":98}},"14":{"start":{"line":35,"column":16},"end":{"line":43,"column":17}},"15":{"start":{"line":36,"column":20},"end":{"line":36,"column":34}},"16":{"start":{"line":38,"column":20},"end":{"line":42,"column":23}},"17":{"start":{"line":39,"column":24},"end":{"line":39,"column":67}},"18":{"start":{"line":41,"column":24},"end":{"line":41,"column":43}},"19":{"start":{"line":45,"column":16},"end":{"line":45,"column":30}},"20":{"start":{"line":48,"column":12},"end":{"line":48,"column":31}}},"fnMap":{"0":{"name":"provideCompleteClaim","decl":{"start":{"line":15,"column":9},"end":{"line":15,"column":29}},"loc":{"start":{"line":15,"column":43},"end":{"line":23,"column":1}},"line":15},"1":{"name":"getAuthorizationTokenWithValidRefreshToken","decl":{"start":{"line":25,"column":9},"end":
[...]
:{"line":174,"column":2},"end":{"line":176,"column":5}},"95":{"start":{"line":175,"column":3},"end":{"line":175,"column":47}},"96":{"start":{"line":178,"column":2},"end":{"line":182,"column":5}},"97":{"start":{"line":179,"column":3},"end":{"line":181,"column":6}},"98":{"start":{"line":180,"column":4},"end":{"line":180,"column":37}},"99":{"start":{"line":184,"column":17},"end":{"line":184,"column":23}},"100":{"start":{"line":185,"column":14},"end":{"line":185,"column":21}},"101":{"start":{"line":186,"column":14},"end":{"line":186,"column":19}},"102":{"start":{"line":187,"column":13},"end":{"line":187,"column":19}},"103":{"start":{"line":188,"column":17},"end":{"line":188,"column":27}},"104":{"start":{"line":189,"column":21},"end":{"line":193,"column":3}},"105":{"start":{"line":194,"column":18},"end":{"line":199,"column":3}},"106":{"start":{"line":200,"column":27},"end":{"line":200,"column":28}},"107":{"start":{"line":202,"column":22},"end":{"line":202,"column":28}},"108":{"start":{"line":203,"column":28},"end":{"line":203,"column":34}},"109":{"start":{"line":204,"column":24},"end":{"line":204,"column":30}},"110":{"start":{"line":205,"column":19},"end":{"line":205,"column":25}},"111":{"start":{"line":206,"column":15},"end":{"line":206,"column":21}},"112":{"start":{"line":207,"column":16},"end":{"line":207,"column":48}},"113":{"start":{"line":209,"column":2},"end":{"line":221,"column":5}},"114":{"start":{"line":210,"column":3},"end":{"line":212,"column":6}},"115":{"start":{"line":211,"column":4},"end":{"line":211,"column":24}},"116":{"start":{"line":213,"column":3},"end":{"line":215,"column":6}},"117":{"start":{"line":214,"column":4},"end":{"line":214,"column":30}},"118":{"start":{"line":216,"column":3},"end":{"line":216,"column":79}},"119":{"start":{"line":217,"column":3},"end":{"line":217,"column":34}},"120":{"start":{"line":218,"column":3},"end":{"line":218,"column":69}},"121":{"start":{"line":219,"column":3},"end":{"line":219,"column":34}},"122":{"start":{"line":220,"column":3},"end":{"line":220,"column":69}},"123":{"start":{"line":223,"column":2},"end":{"line":225,"column":5}},"124":{"start":{"line":224,"column":3},"end":{"line":224,"column":21}},"125":{"start":{"line":228,"column":1},"end":{"line":278,"column":4}},"126":{"start":{"line":230,"column":2},"end":{"line":232,"column":5}},"127":{"start":{"line":231,"column":3},"end":{"line":231,"column":60}},"128":{"start":{"line":234,"column":2},"end":{"line":236,"column":5}},"129":{"start":{"line":235,"column":3},"end":{"line":235,"column":47}},"130":{"start":{"line":238,"column":2},"end":{"line":242,"column":5}},"131":{"start":{"line":239,"column":3},"end":{"line":241,"column":6}},"132":{"start":{"line":240,"column":4},"end":{"line":240,"column":37}},"133":{"start":{"line":244,"column":17},"end":{"line":244,"column":32}},"134":{"start":{"line":245,"column":14},"end":{"line":245,"column":34}},"135":{"start":{"line":246,"column":14},"end":{"line":246,"column":19}},"136":{"start":{"line":247,"column":21},"end":{"line":251,"column":3}},"137":{"start":{"line":252,"column":18},"end":{"line":256,"column":3}},"138":{"start":{"line":257,"column":27},"end":{"line":257,"column":28}},"139":{"start":{"line":259,"column":22},"end":{"line":259,"column":28}},"140":{"start":{"line":260,"column":28},"end":{"line":260,"column":34}},"141":{"start":{"line":261,"column":24},"end":{"line":261,"column":30}},"142":{"start":{"line":262,"column":19},"end":{"line":262,"column":25}},"143":{"start":{"line":263,"column":15},"end":{"line":263,"column":21}},"144":{"start":{"line":264,"column":16},"end":{"line":264,"column":48}},"145":{"start":{"line":266,"column":2},"end":{"line":273,"column":5}},"146":{"start":{"line":267,"column":3},"end":{"line":269,"column":6}},"147":{"start":{"line":268,"column":4},"end":{"line":268,"column":24}},"148":{"start":{"line":270,"column":3},"end":{"line":270,"column":69}},"149":{"start":{"line":271,"column":3},"end":{"line":271,"column":34}},"150":{"start":{"line":272,"column":3},"end":{"line":272,"column":66}},"151":{"start":{"line":275,"column":2},"end":{"line":277,"column":5}},"152":{"start":{"line":276,"column":3},"end":{"line":276,"column":21}},"153":{"start":{"line":280,"column":1},"end":{"line":308,"column":4}},"154":{"start":{"line":282,"column":2},"end":{"line":284,"column":5}},"155":{"start":{"line":283,"column":3},"end":{"line":283,"column":37}},"156":{"start":{"line":286,"column":2},"end":{"line":290,"column":5}},"157":{"start":{"line":287,"column":3},"end":{"line":289,"column":6}},"158":{"start":{"line":288,"column":4},"end":{"line":288,"column":40}},"159":{"start":{"line":292,"column":21},"end":{"line":292,"column":63}},"160":{"start":{"line":294,"column":21},"end":{"line":294,"column":27}},"161":{"start":{"line":295,"column":15},"end":{"line":295,"column":21}},"162":{"start":{"line":296,"column":16},"end":{"line":296,"column":48}},"163":{"start":{"line":298,"column":2},"end":{"line":303,"column":5}},"164":{"start":{"line":300,"column":3},"end":{"line":300,"column":82}},"165":{"start":{"line":301,"column":3},"end":{"line":301,"column":39}},"166":{"start":{"line":302,"column":3},"end":{"line":302,"column":34}},"167":{"start":{"line":305,"column":2},"end":{"line":307,"column":5}},"168":{"start":{"line":306,"column":3},"end":{"line":306,"column":21}},"169":{"start":{"line":310,"column":1},"end":{"line":338,"column":4}},"170":{"start":{"line":312,"column":2},"end":{"line":314,"column":5}},"171":{"start":{"line":313,"column":3},"end":{"line":313,"column":60}},"172":{"start":{"line":316,"column":2},"end":{"line":320,"column":5}},"173":{"start":{"line":317,"column":3},"end":{"line":319,"column":6}},"174":{"start":{"line":318,"column":4},"end":{"line":318,"column":43}},"175":{"start":{"line":322,"column":20},"end":{"line":322,"column":57}},"176":{"start":{"line":323,"column":23},"end":{"line":323,"column":26}},"177":{"start":{"line":325,"column":21},"end":{"line":325,"column":27}},"178":{"start":{"line":326,"column":15},"end":{"line":326,"column":21}},"179":{"start":{"line":327,"column":16},"end":{"line":327,"column":48}},"180":{"start":{"line":329,"column":2},"end":{"line":333,"column":5}},"181":{"start":{"line":330,"column":3},"end":{"line":330,"column":94}},"182":{"start":{"line":331,"column":3},"end":{"line":331,"column":38}},"183":{"start":{"line":332,"column":3},"end":{"line":332,"column":54}},"184":{"start":{"line":335,"column":2},"end":{"line":337,"column":5}},"185":{"start":{"line":336,"column":3},"end":{"line":336,"column":21}}},"fnMap":{"0":{"name":"_interopRequireDefault","decl":{"start":{"line":35,"column":9},"end":{"line":35,"column":31}},"loc":{"start":{"line":35,"column":37},"end":{"line":35,"column":95}},"line":35},"1":{"name":"_interopRequireWildcard","decl":{"start":{"line":37,"column":9},"end":{"line":37,"column":32}},"loc":{"start":{"line":37,"column":38},"end":{"line":37,"column":269}},"line":37},"2":{"name":"(anonymous_2)","decl":{"start":{"line":41,"column":29},"end":{"line":41,"column":30}},"loc":{"start":{"line":41,"column":41},"end":{"line":339,"column":1}},"line":41},"3":{"name":"(anonymous_3)","decl":{"start":{"line":43,"column":40},"end":{"line":43,"column":41}},"loc":{"start":{"line":43,"column":52},"end":{"line":76,"column":2}},"line":43},"4":{"name":"(anonymous_4)","decl":{"start":{"line":45,"column":44},"end":{"line":45,"column":45}},"loc":{"start":{"line":45,"column":56},"end":{"line":47,"column":3}},"line":45},"5":{"name":"(anonymous_5)","decl":{"start":{"line":49,"column":34},"end":{"line":49,"column":35}},"loc":{"start":{"line":49,"column":46},"end":{"line":53,"column":3}},"line":49},"6":{"name":"(anonymous_6)","decl":{"start":{"line":50,"column":22},"end":{"line":50,"column":23}},"loc":{"start":{"line":50,"column":38},"end":{"line":52,"column":4}},"line":50},"7":{"name":"(anonymous_7)","decl":{"start":{"line":66,"column":13},"end":{"line":66,"column":14}},"loc":{"start":{"line":66,"column":25},"end":{"line":71,"column":3}},"line":66},"8":{"name":"(anonymous_8)","decl":{"start":{"line":73,"column":12},"end":{"line":73,"column":13}},"loc":{"start":{"line":73,"column":24},"end":{"line":75,"column":3}},"line":73},"9":{"name":"(anonymous_9)","decl":{"start":{"line":78,"column":50},"end":{"line":78,"column":51}},"loc":{"start":{"line":78,"column":62},"end":{"line":110,"column":2}},"line":78},"10":{"name":"(anonymous_10)","decl":{"start":{"line":80,"column":37},"end":{"line":80,"column":38}},"loc":{"start":{"line":80,"column":49},"end":{"line":82,"column":3}},"line":80},"11":{"name":"(anonymous_11)","decl":{"start":{"line":84,"column":34},"end":{"line":84,"column":35}},"loc":{"start":{"line":84,"column":46},"end":{"line":88,"column":3}},"line":84},"12":{"name":"(anonymous_12)","decl":{"start":{"line":85,"column":22},"end":{"line":85,"column":23}},"loc":{"start":{"line":85,"column":38},"end":{"line":87,"column":4}},"line":85},"13":{"name":"(anonymous_13)","decl":{"start":{"line":100,"column":13},"end":{"line":100,"column":14}},"loc":{"start":{"line":100,"column":25},"end":{"line":105,"column":3}},"line":100},"14":{"name":"(anonymous_14)","decl":{"start":{"line":107,"column":12},"end":{"line":107,"column":13}},"loc":{"start":{"line":107,"column":24},"end":{"line":109,"column":3}},"line":107},"15":{"name":"(anonymous_15)","decl":{"start":{"line":112,"column":66},"end":{"line":112,"column":67}},"loc":{"start":{"line":112,"column":78},"end":{"line":154,"column":2}},"line":112},"16":{"name":"(anonymous_16)","decl":{"start":{"line":114,"column":44},"end":{"line":114,"column":45}},"loc":{"start":{"line":114,"column":56},"end":{"line":116,"column":3}},"line":114},"17":{"name":"(anonymous_17)","decl":{"start":{"line":118,"column":97},"end":{"line":118,"column":98}},"loc":{"start":{"line":118,"column":109},"end":{"line":120,"column":3}},"line":118},"18":{"name":"(anonymous_18)","decl":{"start":{"line":122,"column":34},"end":{"line":122,"column":35}},"loc":{"start":{"line":122,"column":46},"end":{"line":126,"column":3}},"line":122},"19":{"name":"(anonymous_19)","decl":{"start":{"line":123,"column":22},"end":{"line":123,"column":23}},"loc":{"start":{"line":123,"column":38},"end":{"line":125,"column":4}},"line":123},"20":{"name":"(anonymous_20)","decl":{"start":{"line":142,"column":13},"end":{"line":142,"column":14}},"loc":{"start":{"line":142,"column":25},"end":{"line":149,"column":3}},"line":142},"21":{"name":"(anonymous_21)","decl":{"start":{"line":151,"column":12},"end":{"line":151,"column":13}},"loc":{"start":{"line":151,"column":24},"end":{"line":153,"column":3}},"line":151},"22":{"name":"(anonymous_22)","decl":{"start":{"line":156,"column":49},"end":{"line":156,"column":50}},"loc":{"start":{"line":156,"column":61},"end":{"line":226,"column":2}},"line":156},"23":{"name":"(anonymous_23)","decl":{"start":{"line":158,"column":73},"end":{"line":158,"column":74}},"loc":{"start":{"line":158,"column":85},"end":{"line":160,"column":3}},"line":158},"24":{"name":"(anonymous_24)","decl":{"start":{"line":162,"column":70},"end":{"line":162,"column":71}},"loc":{"start":{"line":162,"column":82},"end":{"line":164,"column":3}},"line":162},"25":{"name":"(anonymous_25)","decl":{"start":{"line":166,"column":59},"end":{"line":166,"column":60}},"loc":{"start":{"line":166,"column":71},"end":{"line":168,"column":3}},"line":166},"26":{"name":"(anonymous_26)","decl":{"start":{"line":170,"column":52},"end":{"line":170,"column":53}},"loc":{"start":{"line":170,"column":64},"end":{"line":172,"column":3}},"line":170},"27":{"name":"(anonymous_27)","decl":{"start":{"line":174,"column":53},"end":{"line":174,"column":54}},"loc":{"start":{"line":174,"column":65},"end":{"line":176,"column":3}},"line":174},"28":{"name":"(anonymous_28)","decl":{"start":{"line":178,"column":40},"end":{"line":178,"column":41}},"loc":{"start":{"line":178,"column":52},"end":{"line":182,"column":3}},"line":178},"29":{"name":"(anonymous_29)","decl":{"start":{"line":179,"column":22},"end":{"line":179,"column":23}},"loc":{"start":{"line":179,"column":38},"end":{"line":181,"column":4}},"line":179},"30":{"name":"(anonymous_30)","decl":{"start":{"line":209,"column":13},"end":{"line":209,"column":14}},"loc":{"start":{"line":209,"column":25},"end":{"line":221,"column":3}},"line":209},"31":{"name":"(anonymous_31)","decl":{"start":{"line":210,"column":77},"end":{"line":210,"column":78}},"loc":{"start":{"line":210,"column":89},"end":{"line":212,"column":4}},"line":210},"32":{"name":"(anonymous_32)","decl":{"start":{"line":213,"column":76},"end":{"line":213,"column":77}},"loc":{"start":{"line":213,"column":88},"end":{"line":215,"column":4}},"line":213},"33":{"name":"(anonymous_33)","decl":{"start":{"line":223,"column":12},"end":{"line":223,"column":13}},"loc":{"start":{"line":223,"column":24},"end":{"line":225,"column":3}},"line":223},"34":{"name":"(anonymous_34)","decl":{"start":{"line":228,"column":57},"end":{"line":228,"column":58}},"loc":{"start":{"line":228,"column":69},"end":{"line":278,"column":2}},"line":228},"35":{"name":"(anonymous_35)","decl":{"start":{"line":230,"column":73},"end":{"line":230,"column":74}},"loc":{"start":{"line":230,"column":85},"end":{"line":232,"column":3}},"line":230},"36":{"name":"(anonymous_36)","decl":{"start":{"line":234,"column":53},"end":{"line":234,"column":54}},"loc":{"start":{"line":234,"column":65},"end":{"line":236,"column":3}},"line":234},"37":{"name":"(anonymous_37)","decl":{"start":{"line":238,"column":40},"end":{"line":238,"column":41}},"loc":{"start":{"line":238,"column":52},"end":{"line":242,"column":3}},"line":238},"38":{"name":"(anonymous_38)","decl":{"start":{"line":239,"column":22},"end":{"line":239,"column":23}},"loc":{"start":{"line":239,"column":38},"end":{"line":241,"column":4}},"line":239},"39":{"name":"(anonymous_39)","decl":{"start":{"line":266,"column":13},"end":{"line":266,"column":14}},"loc":{"start":{"line":266,"column":25},"end":{"line":273,"column":3}},"line":266},"40":{"name":"(anonymous_40)","decl":{"start":{"line":267,"column":77},"end":{"line":267,"column":78}},"loc":{"start":{"line":267,"column":89},"end":{"line":269,"column":4}},"line":267},"41":{"name":"(anonymous_41)","decl":{"start":{"line":275,"column":12},"end":{"line":275,"column":13}},"loc":{"start":{"line":275,"column":24},"end":{"line":277,"column":3}},"line":275},"42":{"name":"(anonymous_42)","decl":{"start":{"line":280,"column":45},"end":{"line":280,"column":46}},"loc":{"start":{"line":280,"column":57},"end":{"line":308,"column":2}},"line":280},"43":{"name":"(anonymous_43)","decl":{"start":{"line":282,"column":47},"end":{"line":282,"column":48}},"loc":{"start":{"line":282,"column":59},"end":{"line":284,"column":3}},"line":282},"44":{"name":"(anonymous_44)","decl":{"start":{"line":286,"column":37},"end":{"line":286,"column":38}},"loc":{"start":{"line":286,"column":49},"end":{"line":290,"column":3}},"line":286},"45":{"name":"(anonymous_45)","decl":{"start":{"line":287,"column":22},"end":{"line":287,"column":23}},"loc":{"start":{"line":287,"column":38},"end":{"line":289,"column":4}},"line":287},"46":{"name":"(anonymous_46)","decl":{"start":{"line":298,"column":13},"end":{"line":298,"column":14}},"loc":{"start":{"line":298,"column":25},"end":{"line":303,"column":3}},"line":298},"47":{"name":"(anonymous_47)","decl":{"start":{"line":305,"column":12},"end":{"line":305,"column":13}},"loc":{"start":{"line":305,"column":24},"end":{"line":307,"column":3}},"line":305},"48":{"name":"(anonymous_48)","decl":{"start":{"line":310,"column":47},"end":{"line":310,"column":48}},"loc":{"start":{"line":310,"column":59},"end":{"line":338,"column":2}},"line":310},"49":{"name":"(anonymous_49)","decl":{"start":{"line":312,"column":72},"end":{"line":312,"column":73}},"loc":{"start":{"line":312,"column":84},"end":{"line":314,"column":3}},"line":312},"50":{"name":"(anonymous_50)","decl":{"start":{"line":316,"column":46},"end":{"line":316,"column":47}},"loc":{"start":{"line":316,"column":58},"end":{"line":320,"column":3}},"line":316},"51":{"name":"(anonymous_51)","decl":{"start":{"line":317,"column":22},"end":{"line":317,"column":23}},"loc":{"start":{"line":317,"column":38},"end":{"line":319,"column":4}},"line":317},"52":{"name":"(anonymous_52)","decl":{"start":{"line":329,"column":13},"end":{"line":329,"column":14}},"loc":{"start":{"line":329,"column":25},"end":{"line":333,"column":3}},"line":329},"53":{"name":"(anonymous_53)","decl":{"start":{"line":335,"column":12},"end":{"line":335,"column":13}},"loc":{"start":{"line":335,"column":24},"end":{"line":337,"column":3}},"line":335}},"branchMap":{"0":{"loc":{"start":{"line":35,"column":46},"end":{"line":35,"column":92}},"type":"cond-expr","locations":[{"start":{"line":35,"column":70},"end":{"line":35,"column":73}},{"start":{"line":35,"column":76},"end":{"line":35,"column":92}}],"line":35},"1":{"loc":{"start":{"line":35,"column":46},"end":{"line":35,"column":67}},"type":"binary-expr","locations":[{"start":{"line":35,"column":46},"end":{"line":35,"column":49}},{"start":{"line":35,"column":53},"end":{"line":35,"column":67}}],"line":35},"2":{"loc":{"start":{"line":37,"column":40},"end":{"line":37,"column":267}},"type":"if","locations":[{"start":{"line":37,"column":40},"end":{"line":37,"column":267}},{"start":{"line":37,"column":40},"end":{"line":37,"column":267}}],"line":37},"3":{"loc":{"start":{"line":37,"column":44},"end":{"line":37,"column":65}},"type":"binary-expr","locations":[{"start":{"line":37,"column":44},"end":{"line":37,"column":47}},{"start":{"line":37,"column":51},"end":{"line":37,"column":65}}],"line":37},"4":{"loc":{"start":{"line":37,"column":107},"end":{"line":37,"column":228}},"type":"if","locations":[{"start":{"line":37,"column":107},"end":{"line":37,"column":228}},{"start":{"line":37,"column":107},"end":{"line":37,"column":228}}],"line":37},"5":{"loc":{"start":{"line":37,"column":149},"end":{"line":37,"column":224}},"type":"if","locations":[{"start":{"line":37,"column":149},"end":{"line":37,"column":224}},{"start":{"line":37,"column":149},"end":{"line":37,"column":224}}],"line":37}},"s":{"0":1,"1":1,"2":1,"3":1,"4":1,"5":1,"6":1,"7":1,"8":1,"9":1,"10":1,"11":1,"12":1,"13":1,"14":1,"15":1,"16":3,"17":5,"18":3,"19":2,"20":2,"21":2,"22":76,"23":26,"24":2,"25":2,"26":1,"27":1,"28":1,"29":1,"30":1,"31":1,"32":1,"33":1,"34":1,"35":1,"36":1,"37":1,"38":1,"39":1,"40":2,"41":2,"42":2,"43":1,"44":2,"45":1,"46":1,"47":1,"48":1,"49":1,"50":1,"51":1,"52":1,"53":1,"54":1,"55":1,"56":1,"57":2,"58":2,"59":2,"60":1,"61":2,"62":1,"63":1,"64":1,"65":1,"66":1,"67":1,"68":1,"69":1,"70":1,"71":1,"72":1,"73":1,"74":1,"75":1,"76":1,"77":1,"78":3,"79":3,"80":3,"81":3,"82":3,"83":1,"84":3,"85":1,"86":1,"87":1,"88":1,"89":1,"90":1,"91":1,"92":1,"93":1,"94":1,"95":1,"96":1,"97":1,"98":1,"99":1,"100":1,"101":1,"102":1,"103":1,"104":1,"105":1,"106":1,"107":1,"108":1,"109":1,"110":1,"111":1,"112":1,"113":1,"114":6,"115":6,"116":6,"117":6,"118":6,"119":6,"120":6,"121":6,"122":6,"123":1,"124":6,"125":1,"126":1,"127":1,"128":1,"129":1,"130":1,"131":1,"132":1,"133":1,"134":1,"135":1,"136":1,"137":1,"138":1,"139":1,"140":1,"141":1,"142":1,"143":1,"144":1,"145":1,"146":3,"147":3,"148":3,"149":3,"150":3,"151":1,"152":3,"153":1,"154":1,"155":1,"156":1,"157":1,"158":1,"159":1,"160":1,"161":1,"162":1,"163":1,"164":2,"165":2,"166":2,"167":1,"168":2,"169":1,"170":1,"171":1,"172":1,"173":1,"174":1,"175":1,"176":1,"177":1,"178":1,"179":1,"180":1,"181":2,"182":2,"183":2,"184":1,"185":2},"f":{"0":3,"1":5,"2":1,"3":1,"4":1,"5":1,"6":1,"7":2,"8":2,"9":1,"10":1,"11":1,"12":1,"13":2,"14":2,"15":1,"16":1,"17":1,"18":1,"19":1,"20":3,"21":3,"22":1,"23":1,"24":1,"25":1,"26":1,"27":1,"28":1,"29":1,"30":6,"31":6,"32":6,"33":6,"34":1,"35":1,"36":1,"37":1,"38":1,"39":3,"40":3,"41":3,"42":1,"43":1,"44":1,"45":1,"46":2,"47":2,"48":1,"49":1,"50":1,"51":1,"52":2,"53":2},"b":{"0":[0,3],"1":[3,3],"2":[3,2],"3":[5,5],"4":[2,0],"5":[26,50]},"_coverageSchema":"332fd63041d2c1bcb487cc26dd0d5f7d97098a6c","hash":"0fbe29072856b73b36d984ff00b22a60a69cc049","contentHash":"0d4120129f480fb438d72e430b1f5343_10.3.2"}}