TN:
SF:C:/Users/Matthew/Documents/nodeSites/authenticate/config.js
FNF:0
FNH:0
DA:2,1
LF:1
LH:1
BRF:0
BRH:0
end_of_record
TN:
SF:C:/Users/Matthew/Documents/nodeSites/authenticate/modules/applyAuthToken.js
FN:4,applyAuthToken
FN:6,(anonymous_1)
FN:12,(anonymous_2)
FN:17,(anonymous_3)
FNF:4
FNH:3
FNDA:5,applyAuthToken
FNDA:5,(anonymous_1)
FNDA:5,(anonymous_2)
FNDA:0,(anonymous_3)
DA:1,1
DA:2,1
DA:6,5
DA:8,5
DA:10,5
DA:12,5
DA:14,5
DA:19,0
LF:8
LH:7
BRF:0
BRH:0
end_of_record
TN:
SF:C:/Users/Matthew/Documents/nodeSites/authenticate/routes/authenticate.js
FN:7,getAuthToken
FN:9,(anonymous_1)
FN:11,(anonymous_2)
FN:20,(anonymous_3)
FN:26,(anonymous_4)
FNF:5
FNH:5
FNDA:16,getAuthToken
FNDA:12,(anonymous_1)
FNDA:7,(anonymous_2)
FNDA:5,(anonymous_3)
FNDA:4,(anonymous_4)
DA:2,1
DA:3,1
DA:5,1
DA:9,16
DA:11,12
DA:13,7
DA:22,5
DA:28,4
LF:8
LH:8
BRF:0
BRH:0
end_of_record
TN:
SF:C:/Users/Matthew/Documents/nodeSites/authenticate/routes/deleteUser.js
FN:5,deleteUserByToken
FN:7,(anonymous_1)
FN:11,(anonymous_2)
FN:18,(anonymous_3)
FN:36,(anonymous_4)
FNF:5
FNH:5
FNDA:25,deleteUserByToken
FNDA:20,(anonymous_1)
FNDA:10,(anonymous_2)
FNDA:5,(anonymous_3)
FNDA:5,(anonymous_4)
DA:1,1
DA:3,1
DA:7,25
DA:9,20
DA:11,15
DA:13,10
DA:20,5
DA:29,5
DA:38,5
LF:9
LH:9
BRDA:9,0,0,15
BRDA:9,0,1,5
BRDA:9,1,0,20
BRDA:9,1,1,15
BRF:4
BRH:4
end_of_record
TN:
SF:C:/Users/Matthew/Documents/nodeSites/authenticate/routes/index.js
FN:6,getAllUsers
FN:8,(anonymous_1)
FN:12,(anonymous_2)
FNF:3
FNH:3
FNDA:5,getAllUsers
FNDA:2,(anonymous_1)
FNDA:3,(anonymous_2)
DA:2,1
DA:4,1
DA:8,5
DA:10,2
DA:14,3
LF:5
LH:5
BRF:0
BRH:0
end_of_record
TN:
SF:C:/Users/Matthew/Documents/nodeSites/authenticate/routes/register.js
FN:7,registerUser
FN:9,(anonymous_1)
FN:14,(anonymous_2)
FN:16,(anonymous_3)
FN:18,(anonymous_4)
FN:28,(anonymous_5)
FN:35,(anonymous_6)
FNF:7
FNH:7
FNDA:26,registerUser
FNDA:6,(anonymous_1)
FNDA:20,(anonymous_2)
FNDA:14,(anonymous_3)
FNDA:8,(anonymous_4)
FNDA:6,(anonymous_5)
FNDA:6,(anonymous_6)
DA:2,1
DA:3,1
DA:5,1
DA:9,26
DA:11,6
DA:16,20
DA:18,14
DA:20,8
DA:30,6
DA:37,6
LF:10
LH:10
BRF:0
BRH:0
end_of_record
TN:
SF:C:/Users/Matthew/Documents/nodeSites/authenticate/routes/validators/authenticationValidator.js
FN:5,isVerified
FN:13,(anonymous_1)
FN:18,(anonymous_2)
FNF:3
FNH:3
FNDA:12,isVerified
FNDA:2,(anonymous_1)
FNDA:5,(anonymous_2)
DA:1,1
DA:3,1
DA:7,12
DA:9,12
DA:11,7
DA:13,2
DA:20,5
DA:27,5
LF:8
LH:8
BRDA:7,0,0,12
BRDA:7,0,1,5
BRDA:7,0,2,5
BRDA:9,1,0,7
BRDA:9,1,1,5
BRF:5
BRH:5
end_of_record
TN:
SF:C:/Users/Matthew/Documents/nodeSites/authenticate/routes/validators/nameAndPasswordValidator.js
FN:3,hasNameAndPassword
FNF:1
FNH:1
FNDA:13,hasNameAndPassword
DA:1,1
DA:5,13
DA:7,12
DA:12,1
LF:4
LH:4
BRDA:5,0,0,12
BRDA:5,0,1,1
BRDA:5,1,0,13
BRDA:5,1,1,5
BRF:4
BRH:4
end_of_record
TN:
SF:C:/Users/Matthew/Documents/nodeSites/authenticate/routes/validators/namePasswordAndEmailValidator.js
FN:3,hasNamePasswordAndEmail
FNF:1
FNH:1
FNDA:17,hasNamePasswordAndEmail
DA:1,1
DA:5,17
DA:7,16
DA:12,1
LF:4
LH:4
BRDA:5,0,0,16
BRDA:5,0,1,1
BRDA:5,1,0,17
BRDA:5,1,1,9
BRDA:5,1,2,1
BRF:5
BRH:5
end_of_record
TN:
SF:C:/Users/Matthew/Documents/nodeSites/authenticate/test/unit/routes/validators/authenticationValidator_tests.js
FN:17,json
FN:18,status
FN:27,(anonymous_4)
FN:29,(anonymous_5)
FN:37,(anonymous_6)
FN:47,(anonymous_7)
FN:51,(anonymous_8)
FN:55,(anonymous_9)
FN:61,(anonymous_10)
FN:69,(anonymous_11)
FN:78,(anonymous_12)
FN:82,(anonymous_13)
FN:86,(anonymous_14)
FN:90,(anonymous_15)
FN:94,(anonymous_16)
FN:98,(anonymous_17)
FN:105,(anonymous_18)
FN:114,(anonymous_19)
FN:122,(anonymous_20)
FN:126,(anonymous_21)
FN:130,(anonymous_22)
FN:134,(anonymous_23)
FN:138,(anonymous_24)
FN:142,(anonymous_25)
FNF:24
FNH:24
FNDA:10,json
FNDA:10,status
FNDA:1,(anonymous_4)
FNDA:1,(anonymous_5)
FNDA:2,(anonymous_6)
FNDA:2,(anonymous_7)
FNDA:1,(anonymous_8)
FNDA:1,(anonymous_9)
FNDA:1,(anonymous_10)
FNDA:5,(anonymous_11)
FNDA:5,(anonymous_12)
FNDA:1,(anonymous_13)
FNDA:1,(anonymous_14)
FNDA:1,(anonymous_15)
FNDA:1,(anonymous_16)
FNDA:1,(anonymous_17)
FNDA:1,(anonymous_18)
FNDA:5,(anonymous_19)
FNDA:5,(anonymous_20)
FNDA:1,(anonymous_21)
FNDA:1,(anonymous_22)
FNDA:1,(anonymous_23)
FNDA:1,(anonymous_24)
FNDA:1,(anonymous_25)
DA:1,1
DA:2,1
DA:3,1
DA:4,1
DA:5,1
DA:6,1
DA:8,1
DA:10,1
DA:12,1
DA:13,1
DA:15,1
DA:16,1
DA:17,10
DA:19,10
DA:20,10
DA:23,1
DA:24,1
DA:25,1
DA:27,1
DA:29,1
DA:31,1
DA:37,1
DA:39,2
DA:40,2
DA:42,2
DA:43,2
DA:44,2
DA:47,1
DA:48,2
DA:51,1
DA:52,1
DA:55,1
DA:56,1
DA:61,1
DA:63,1
DA:69,1
DA:70,5
DA:71,5
DA:73,5
DA:74,5
DA:75,5
DA:78,1
DA:79,5
DA:82,1
DA:83,1
DA:86,1
DA:87,1
DA:90,1
DA:91,1
DA:94,1
DA:95,1
DA:98,1
DA:99,1
DA:100,1
DA:105,1
DA:106,1
DA:114,1
DA:115,5
DA:116,5
DA:117,5
DA:118,5
DA:122,1
DA:123,5
DA:126,1
DA:127,1
DA:130,1
DA:131,1
DA:134,1
DA:135,1
DA:138,1
DA:139,1
DA:142,1
DA:143,1
DA:144,1
LF:74
LH:74
BRF:0
BRH:0
end_of_record
